TN:
SF:src/i18n.ts
FNF:0
FNH:0
DA:3,0
DA:4,0
LF:2
LH:0
BRF:0
BRH:0
end_of_record
TN:
SF:src/components/ResultPopup.tsx
FN:28,ResultPopup
FNF:1
FNH:0
FNDA:0,ResultPopup
DA:36,0
LF:1
LH:0
BRDA:42,0,0,0
BRDA:42,0,1,0
BRF:2
BRH:0
end_of_record
TN:
SF:src/components/TranslationResultLayer.tsx
FN:36,TranslationResultLayer
FN:60,(anonymous_1)
FN:93,(anonymous_2)
FN:103,(anonymous_3)
FN:115,(anonymous_4)
FN:123,(anonymous_5)
FN:125,(anonymous_6)
FN:134,(anonymous_7)
FN:136,(anonymous_8)
FN:138,(anonymous_9)
FN:144,(anonymous_10)
FN:155,(anonymous_11)
FN:160,(anonymous_12)
FN:166,(anonymous_13)
FN:175,(anonymous_14)
FN:176,(anonymous_15)
FN:185,(anonymous_16)
FNF:17
FNH:0
FNDA:0,TranslationResultLayer
FNDA:0,(anonymous_1)
FNDA:0,(anonymous_2)
FNDA:0,(anonymous_3)
FNDA:0,(anonymous_4)
FNDA:0,(anonymous_5)
FNDA:0,(anonymous_6)
FNDA:0,(anonymous_7)
FNDA:0,(anonymous_8)
FNDA:0,(anonymous_9)
FNDA:0,(anonymous_10)
FNDA:0,(anonymous_11)
FNDA:0,(anonymous_12)
FNDA:0,(anonymous_13)
FNDA:0,(anonymous_14)
FNDA:0,(anonymous_15)
FNDA:0,(anonymous_16)
DA:49,0
DA:51,0
DA:53,0
DA:55,0
DA:57,0
DA:60,0
DA:61,0
DA:62,0
DA:65,0
DA:66,0
DA:68,0
DA:69,0
DA:72,0
DA:73,0
DA:75,0
DA:76,0
DA:80,0
DA:81,0
DA:83,0
DA:84,0
DA:87,0
DA:90,0
DA:93,0
DA:94,0
DA:95,0
DA:96,0
DA:100,0
DA:101,0
DA:103,0
DA:104,0
DA:105,0
DA:106,0
DA:107,0
DA:108,0
DA:109,0
DA:110,0
DA:115,0
DA:116,0
DA:117,0
DA:123,0
DA:124,0
DA:125,0
DA:126,0
DA:127,0
DA:128,0
DA:134,0
DA:135,0
DA:136,0
DA:137,0
DA:138,0
DA:139,0
DA:144,0
DA:145,0
DA:146,0
DA:147,0
DA:148,0
DA:151,0
DA:152,0
DA:155,0
DA:156,0
DA:160,0
DA:161,0
DA:166,0
DA:168,0
DA:169,0
DA:171,0
DA:175,0
DA:176,0
DA:177,0
DA:178,0
DA:180,0
DA:184,0
DA:185,0
DA:188,0
LF:74
LH:0
BRDA:39,0,0,0
BRDA:42,1,0,0
BRDA:72,2,0,0
BRDA:72,2,1,0
BRDA:75,3,0,0
BRDA:75,3,1,0
BRDA:80,4,0,0
BRDA:80,4,1,0
BRDA:83,5,0,0
BRDA:83,5,1,0
BRDA:94,6,0,0
BRDA:94,6,1,0
BRDA:104,7,0,0
BRDA:104,7,1,0
BRDA:104,8,0,0
BRDA:104,8,1,0
BRDA:107,9,0,0
BRDA:107,9,1,0
BRDA:109,10,0,0
BRDA:109,10,1,0
BRDA:116,11,0,0
BRDA:116,11,1,0
BRDA:127,12,0,0
BRDA:127,12,1,0
BRDA:135,13,0,0
BRDA:135,13,1,0
BRDA:145,14,0,0
BRDA:145,14,1,0
BRDA:151,15,0,0
BRDA:151,15,1,0
BRDA:168,16,0,0
BRDA:168,16,1,0
BRDA:178,17,0,0
BRDA:178,17,1,0
BRDA:224,18,0,0
BRDA:224,18,1,0
BRDA:240,19,0,0
BRDA:240,19,1,0
BRDA:260,20,0,0
BRDA:260,20,1,0
BRDA:296,21,0,0
BRDA:296,21,1,0
BRDA:297,22,0,0
BRDA:297,22,1,0
BRDA:303,23,0,0
BRDA:303,23,1,0
BRDA:303,24,0,0
BRDA:303,24,1,0
BRDA:303,25,0,0
BRDA:303,25,1,0
BRDA:316,26,0,0
BRDA:316,26,1,0
BRDA:317,27,0,0
BRDA:317,27,1,0
BRDA:323,28,0,0
BRDA:323,28,1,0
BRDA:323,29,0,0
BRDA:323,29,1,0
BRDA:323,30,0,0
BRDA:323,30,1,0
BRDA:327,31,0,0
BRDA:327,31,1,0
BRDA:343,32,0,0
BRDA:343,32,1,0
BRDA:350,33,0,0
BRDA:350,33,1,0
BRDA:366,34,0,0
BRDA:366,34,1,0
BRF:68
BRH:0
end_of_record
TN:
SF:src/components/index.ts
FNF:0
FNH:0
LF:0
LH:0
BRF:0
BRH:0
end_of_record
TN:
SF:src/components/popup/FloatingCard.tsx
FN:22,FloatingCard
FN:34,(anonymous_1)
FN:64,(anonymous_2)
FN:71,(anonymous_3)
FN:74,(anonymous_4)
FN:83,(anonymous_5)
FN:92,(anonymous_6)
FNF:7
FNH:0
FNDA:0,FloatingCard
FNDA:0,(anonymous_1)
FNDA:0,(anonymous_2)
FNDA:0,(anonymous_3)
FNDA:0,(anonymous_4)
FNDA:0,(anonymous_5)
FNDA:0,(anonymous_6)
DA:30,0
DA:31,0
DA:34,0
DA:35,0
DA:36,0
DA:39,0
DA:40,0
DA:42,0
DA:43,0
DA:46,0
DA:47,0
DA:49,0
DA:50,0
DA:54,0
DA:55,0
DA:57,0
DA:58,0
DA:61,0
DA:64,0
DA:65,0
DA:66,0
DA:71,0
DA:72,0
DA:74,0
DA:75,0
DA:76,0
DA:78,0
DA:83,0
DA:84,0
DA:85,0
DA:89,0
DA:90,0
DA:92,0
DA:93,0
DA:94,0
DA:98,0
DA:100,0
LF:37
LH:0
BRDA:27,0,0,0
BRDA:28,1,0,0
BRDA:46,2,0,0
BRDA:46,2,1,0
BRDA:49,3,0,0
BRDA:49,3,1,0
BRDA:54,4,0,0
BRDA:54,4,1,0
BRDA:57,5,0,0
BRDA:57,5,1,0
BRDA:65,6,0,0
BRDA:65,6,1,0
BRDA:72,7,0,0
BRDA:72,7,1,0
BRDA:76,8,0,0
BRDA:76,8,1,0
BRDA:76,9,0,0
BRDA:76,9,1,0
BRDA:84,10,0,0
BRDA:84,10,1,0
BRDA:98,11,0,0
BRDA:98,11,1,0
BRF:22
BRH:0
end_of_record
TN:
SF:src/components/popup/Header.tsx
FN:10,Header
FNF:1
FNH:0
FNDA:0,Header
DA:11,0
LF:1
LH:0
BRDA:23,0,0,0
BRDA:23,0,1,0
BRDA:24,1,0,0
BRDA:24,1,1,0
BRF:4
BRH:0
end_of_record
TN:
SF:src/components/popup/LanguageSelector.tsx
FN:34,LanguageSelector
FN:44,(anonymous_1)
FN:49,(anonymous_2)
FN:52,(anonymous_3)
FN:63,(anonymous_4)
FN:70,(anonymous_5)
FN:70,(anonymous_6)
FN:111,(anonymous_7)
FN:115,(anonymous_8)
FNF:9
FNH:0
FNDA:0,LanguageSelector
FNDA:0,(anonymous_1)
FNDA:0,(anonymous_2)
FNDA:0,(anonymous_3)
FNDA:0,(anonymous_4)
FNDA:0,(anonymous_5)
FNDA:0,(anonymous_6)
FNDA:0,(anonymous_7)
FNDA:0,(anonymous_8)
DA:21,0
DA:41,0
DA:44,0
DA:45,0
DA:46,0
DA:47,0
DA:48,0
DA:49,0
DA:52,0
DA:53,0
DA:56,0
DA:63,0
DA:70,0
DA:71,0
DA:111,0
DA:116,0
LF:16
LH:0
BRDA:39,0,0,0
BRDA:45,1,0,0
BRDA:45,1,1,0
BRDA:53,2,0,0
BRDA:53,2,1,0
BRDA:67,3,0,0
BRDA:67,3,1,0
BRDA:84,4,0,0
BRDA:84,4,1,0
BRDA:85,5,0,0
BRDA:85,5,1,0
BRF:11
BRH:0
end_of_record
TN:
SF:src/components/popup/SettingsPanel.tsx
FN:45,SettingsPanel
FN:49,(anonymous_1)
FN:54,(anonymous_2)
FN:61,(anonymous_3)
FN:67,(anonymous_4)
FN:76,(anonymous_5)
FN:78,(anonymous_6)
FN:81,(anonymous_7)
FN:82,(anonymous_8)
FN:83,(anonymous_9)
FN:90,(anonymous_10)
FN:97,(anonymous_11)
FN:102,(anonymous_12)
FN:103,(anonymous_13)
FN:122,(anonymous_14)
FN:162,(anonymous_15)
FN:163,(anonymous_16)
FN:172,(anonymous_17)
FN:180,(anonymous_18)
FN:247,(anonymous_19)
FN:251,(anonymous_20)
FN:270,(anonymous_21)
FN:287,(anonymous_22)
FN:304,(anonymous_23)
FNF:24
FNH:0
FNDA:0,SettingsPanel
FNDA:0,(anonymous_1)
FNDA:0,(anonymous_2)
FNDA:0,(anonymous_3)
FNDA:0,(anonymous_4)
FNDA:0,(anonymous_5)
FNDA:0,(anonymous_6)
FNDA:0,(anonymous_7)
FNDA:0,(anonymous_8)
FNDA:0,(anonymous_9)
FNDA:0,(anonymous_10)
FNDA:0,(anonymous_11)
FNDA:0,(anonymous_12)
FNDA:0,(anonymous_13)
FNDA:0,(anonymous_14)
FNDA:0,(anonymous_15)
FNDA:0,(anonymous_16)
FNDA:0,(anonymous_17)
FNDA:0,(anonymous_18)
FNDA:0,(anonymous_19)
FNDA:0,(anonymous_20)
FNDA:0,(anonymous_21)
FNDA:0,(anonymous_22)
FNDA:0,(anonymous_23)
DA:26,0
DA:33,0
DA:39,0
DA:46,0
DA:49,0
DA:50,0
DA:51,0
DA:54,0
DA:55,0
DA:56,0
DA:57,0
DA:59,0
DA:61,0
DA:62,0
DA:67,0
DA:69,0
DA:70,0
DA:76,0
DA:77,0
DA:78,0
DA:81,0
DA:82,0
DA:83,0
DA:84,0
DA:90,0
DA:91,0
DA:92,0
DA:93,0
DA:97,0
DA:98,0
DA:102,0
DA:103,0
DA:104,0
DA:106,0
DA:109,0
DA:111,0
DA:122,0
DA:163,0
DA:164,0
DA:166,0
DA:173,0
DA:180,0
DA:247,0
DA:252,0
DA:270,0
DA:287,0
DA:304,0
LF:47
LH:0
BRDA:55,0,0,0
BRDA:55,0,1,0
BRDA:69,1,0,0
BRDA:69,1,1,0
BRDA:69,2,0,0
BRDA:69,2,1,0
BRDA:84,3,0,0
BRDA:84,3,1,0
BRDA:98,4,0,0
BRDA:98,4,1,0
BRDA:109,5,0,0
BRDA:109,5,1,0
BRDA:133,6,0,0
BRDA:133,6,1,0
BRDA:164,7,0,0
BRDA:164,7,1,0
BRDA:183,8,0,0
BRDA:183,8,1,0
BRDA:193,9,0,0
BRDA:193,9,1,0
BRDA:207,10,0,0
BRDA:207,10,1,0
BRDA:207,10,2,0
BRDA:208,11,0,0
BRDA:208,11,1,0
BRDA:208,11,2,0
BRDA:209,12,0,0
BRDA:209,12,1,0
BRDA:209,12,2,0
BRDA:229,13,0,0
BRDA:229,13,1,0
BRDA:329,14,0,0
BRDA:329,14,1,0
BRF:33
BRH:0
end_of_record
TN:
SF:src/components/popup/TabBar.tsx
FN:20,TabBar
FN:24,(anonymous_1)
FN:64,(anonymous_2)
FN:69,(anonymous_3)
FN:77,(anonymous_4)
FN:78,(anonymous_5)
FNF:6
FNH:0
FNDA:0,TabBar
FNDA:0,(anonymous_1)
FNDA:0,(anonymous_2)
FNDA:0,(anonymous_3)
FNDA:0,(anonymous_4)
FNDA:0,(anonymous_5)
DA:13,0
DA:21,0
DA:24,0
DA:26,0
DA:28,0
DA:30,0
DA:31,0
DA:32,0
DA:34,0
DA:35,0
DA:36,0
DA:38,0
DA:39,0
DA:40,0
DA:42,0
DA:43,0
DA:44,0
DA:46,0
DA:49,0
DA:50,0
DA:51,0
DA:52,0
DA:58,0
DA:65,0
DA:66,0
DA:70,0
DA:77,0
DA:78,0
LF:28
LH:0
BRDA:28,0,0,0
BRDA:28,0,1,0
BRDA:28,0,2,0
BRDA:28,0,3,0
BRDA:28,0,4,0
BRDA:31,1,0,0
BRDA:31,1,1,0
BRDA:35,2,0,0
BRDA:35,2,1,0
BRDA:50,3,0,0
BRDA:50,3,1,0
BRDA:76,4,0,0
BRDA:76,4,1,0
BRDA:84,5,0,0
BRDA:84,5,1,0
BRF:15
BRH:0
end_of_record
TN:
SF:src/components/popup/TranslationTab.tsx
FN:23,getButtonText
FN:39,getPlaceholder
FN:55,getAriaLabel
FN:70,TranslationTab
FN:86,(anonymous_4)
FN:91,(anonymous_5)
FN:127,(anonymous_6)
FNF:7
FNH:0
FNDA:0,getButtonText
FNDA:0,getPlaceholder
FNDA:0,getAriaLabel
FNDA:0,TranslationTab
FNDA:0,(anonymous_4)
FNDA:0,(anonymous_5)
FNDA:0,(anonymous_6)
DA:24,0
DA:26,0
DA:28,0
DA:30,0
DA:32,0
DA:34,0
DA:40,0
DA:42,0
DA:44,0
DA:46,0
DA:48,0
DA:50,0
DA:56,0
DA:58,0
DA:60,0
DA:62,0
DA:64,0
DA:66,0
DA:81,0
DA:82,0
DA:83,0
DA:84,0
DA:86,0
DA:87,0
DA:88,0
DA:91,0
DA:92,0
DA:93,0
DA:94,0
DA:98,0
DA:99,0
DA:101,0
DA:127,0
LF:33
LH:0
BRDA:24,0,0,0
BRDA:24,0,1,0
BRDA:24,0,2,0
BRDA:24,0,3,0
BRDA:24,0,4,0
BRDA:40,1,0,0
BRDA:40,1,1,0
BRDA:40,1,2,0
BRDA:40,1,3,0
BRDA:40,1,4,0
BRDA:56,2,0,0
BRDA:56,2,1,0
BRDA:56,2,2,0
BRDA:56,2,3,0
BRDA:56,2,4,0
BRDA:77,3,0,0
BRDA:87,4,0,0
BRDA:87,4,1,0
BRDA:87,5,0,0
BRDA:87,5,1,0
BRDA:92,6,0,0
BRDA:92,6,1,0
BRDA:92,7,0,0
BRDA:92,7,1,0
BRDA:92,7,2,0
BRDA:109,8,0,0
BRDA:109,8,1,0
BRDA:134,9,0,0
BRDA:134,9,1,0
BRDA:147,10,0,0
BRDA:147,10,1,0
BRDA:159,11,0,0
BRDA:159,11,1,0
BRDA:174,12,0,0
BRDA:174,12,1,0
BRDA:179,13,0,0
BRDA:179,13,1,0
BRDA:181,14,0,0
BRDA:181,14,1,0
BRDA:189,15,0,0
BRDA:189,15,1,0
BRF:41
BRH:0
end_of_record
TN:
SF:src/components/popup/index.ts
FNF:0
FNH:0
LF:0
LH:0
BRF:0
BRH:0
end_of_record
TN:
SF:src/core/EngineManager.ts
FN:12,(anonymous_0)
FN:34,(anonymous_1)
FN:46,(anonymous_2)
FN:52,(anonymous_3)
FN:62,(anonymous_4)
FN:69,(anonymous_5)
FN:76,(anonymous_6)
FN:91,(anonymous_7)
FN:97,(anonymous_8)
FN:129,(anonymous_9)
FN:139,(anonymous_10)
FN:146,(anonymous_11)
FN:154,(anonymous_12)
FN:188,(anonymous_13)
FN:239,(anonymous_14)
FN:255,(anonymous_15)
FN:284,(anonymous_16)
FN:308,(anonymous_17)
FN:310,(anonymous_18)
FN:322,(anonymous_19)
FN:325,(anonymous_20)
FN:326,(anonymous_21)
FN:332,(anonymous_22)
FN:340,(anonymous_23)
FN:348,getEngineManager
FN:355,createEngineManager
FNF:26
FNH:24
FNDA:3,(anonymous_0)
FNDA:23,(anonymous_1)
FNDA:2,(anonymous_2)
FNDA:1,(anonymous_3)
FNDA:3,(anonymous_4)
FNDA:1,(anonymous_5)
FNDA:11,(anonymous_6)
FNDA:4,(anonymous_7)
FNDA:2,(anonymous_8)
FNDA:2,(anonymous_9)
FNDA:0,(anonymous_10)
FNDA:1,(anonymous_11)
FNDA:3,(anonymous_12)
FNDA:2,(anonymous_13)
FNDA:1,(anonymous_14)
FNDA:0,(anonymous_15)
FNDA:5,(anonymous_16)
FNDA:1,(anonymous_17)
FNDA:1,(anonymous_18)
FNDA:23,(anonymous_19)
FNDA:6,(anonymous_20)
FNDA:29,(anonymous_21)
FNDA:3,(anonymous_22)
FNDA:23,(anonymous_23)
FNDA:3,getEngineManager
FNDA:24,createEngineManager
DA:14,3
DA:15,3
DA:17,3
DA:18,3
DA:27,24
DA:28,24
DA:29,24
DA:35,23
DA:36,1
DA:38,23
DA:39,23
DA:40,23
DA:47,2
DA:48,1
DA:49,1
DA:51,1
DA:52,1
DA:53,1
DA:54,0
DA:56,1
DA:63,3
DA:70,1
DA:77,11
DA:79,11
DA:80,15
DA:81,15
DA:82,15
DA:83,12
DA:86,0
DA:91,11
DA:98,2
DA:100,2
DA:101,2
DA:104,2
DA:105,2
DA:106,2
DA:107,2
DA:108,1
DA:111,0
DA:112,0
DA:115,2
DA:123,2
DA:130,2
DA:131,1
DA:133,1
DA:140,0
DA:147,1
DA:148,1
DA:155,3
DA:156,3
DA:157,1
DA:160,2
DA:161,2
DA:163,1
DA:168,1
DA:171,1
DA:172,1
DA:173,1
DA:174,1
DA:177,0
DA:193,2
DA:194,2
DA:195,0
DA:198,2
DA:200,1
DA:201,1
DA:203,1
DA:204,3
DA:210,1
DA:211,1
DA:214,1
DA:215,1
DA:216,6
DA:219,0
DA:222,0
DA:223,0
DA:224,0
DA:225,0
DA:227,0
DA:245,1
DA:246,1
DA:261,0
DA:262,0
DA:263,0
DA:265,0
DA:266,0
DA:272,0
DA:273,0
DA:276,0
DA:277,0
DA:286,5
DA:287,0
DA:288,0
DA:289,0
DA:290,0
DA:291,0
DA:292,0
DA:301,5
DA:302,5
DA:309,1
DA:310,1
DA:312,1
DA:313,1
DA:316,0
DA:323,23
DA:325,23
DA:326,29
DA:333,3
DA:334,3
DA:341,23
DA:346,1
DA:349,3
DA:350,0
DA:352,3
DA:356,24
DA:357,24
LF:116
LH:86
BRDA:15,0,0,3
BRDA:35,1,0,1
BRDA:35,1,1,22
BRDA:47,2,0,1
BRDA:47,2,1,1
BRDA:53,3,0,0
BRDA:53,3,1,1
BRDA:82,4,0,12
BRDA:82,4,1,3
BRDA:106,5,0,1
BRDA:106,5,1,1
BRDA:107,6,0,1
BRDA:107,6,1,1
BRDA:112,7,0,0
BRDA:112,7,1,0
BRDA:119,8,0,1
BRDA:119,8,1,1
BRDA:130,9,0,1
BRDA:130,9,1,1
BRDA:147,10,0,0
BRDA:147,10,1,1
BRDA:156,11,0,1
BRDA:156,11,1,2
BRDA:172,12,0,1
BRDA:172,12,1,0
BRDA:178,13,0,0
BRDA:178,13,1,0
BRDA:194,14,0,0
BRDA:194,14,1,2
BRDA:198,15,0,1
BRDA:198,15,1,1
BRDA:223,16,0,0
BRDA:223,16,1,0
BRDA:228,17,0,0
BRDA:228,17,1,0
BRDA:261,18,0,0
BRDA:261,18,1,0
BRDA:286,19,0,0
BRDA:286,19,1,5
BRDA:288,20,0,0
BRDA:288,20,1,0
BRDA:291,21,0,0
BRDA:291,21,1,0
BRDA:312,22,0,1
BRDA:312,22,1,0
BRDA:312,23,0,1
BRDA:312,23,1,1
BRDA:349,24,0,0
BRDA:349,24,1,3
BRF:49
BRH:28
end_of_record
TN:
SF:src/core/ModelLoader.ts
FN:77,(anonymous_0)
FN:88,(anonymous_1)
FN:103,(anonymous_2)
FN:126,(anonymous_3)
FN:146,(anonymous_4)
FN:159,(anonymous_5)
FN:166,(anonymous_6)
FN:173,(anonymous_7)
FN:184,(anonymous_8)
FN:191,(anonymous_9)
FN:193,(anonymous_10)
FN:201,(anonymous_11)
FN:215,(anonymous_12)
FN:227,(anonymous_13)
FN:236,(anonymous_14)
FN:274,(anonymous_15)
FN:291,(anonymous_16)
FN:307,(anonymous_17)
FN:318,(anonymous_18)
FN:365,(anonymous_19)
FN:370,(anonymous_20)
FN:380,(anonymous_21)
FN:385,(anonymous_22)
FN:395,(anonymous_23)
FN:427,(anonymous_24)
FN:440,(anonymous_25)
FN:457,(anonymous_26)
FN:471,(anonymous_27)
FNF:28
FNH:20
FNDA:16,(anonymous_0)
FNDA:3,(anonymous_1)
FNDA:16,(anonymous_2)
FNDA:2,(anonymous_3)
FNDA:22,(anonymous_4)
FNDA:2,(anonymous_5)
FNDA:1,(anonymous_6)
FNDA:4,(anonymous_7)
FNDA:23,(anonymous_8)
FNDA:1,(anonymous_9)
FNDA:1,(anonymous_10)
FNDA:22,(anonymous_11)
FNDA:22,(anonymous_12)
FNDA:2,(anonymous_13)
FNDA:11,(anonymous_14)
FNDA:4,(anonymous_15)
FNDA:4,(anonymous_16)
FNDA:3,(anonymous_17)
FNDA:0,(anonymous_18)
FNDA:0,(anonymous_19)
FNDA:0,(anonymous_20)
FNDA:0,(anonymous_21)
FNDA:0,(anonymous_22)
FNDA:0,(anonymous_23)
FNDA:0,(anonymous_24)
FNDA:0,(anonymous_25)
FNDA:1,(anonymous_26)
FNDA:1,(anonymous_27)
DA:30,1
DA:55,1
DA:75,16
DA:78,16
DA:89,3
DA:92,2
DA:95,2
DA:97,2
DA:104,16
DA:127,2
DA:128,2
DA:129,2
DA:130,0
DA:132,0
DA:133,0
DA:134,0
DA:139,0
DA:147,22
DA:148,22
DA:152,0
DA:160,2
DA:167,1
DA:174,4
DA:185,23
DA:192,1
DA:193,1
DA:194,1
DA:202,22
DA:203,22
DA:204,0
DA:205,0
DA:207,0
DA:216,22
DA:220,22
DA:221,22
DA:228,2
DA:229,6
DA:237,11
DA:239,11
DA:240,11
DA:242,11
DA:244,4
DA:245,4
DA:247,4
DA:248,4
DA:250,3
DA:251,3
DA:254,11
DA:260,11
DA:262,0
DA:267,0
DA:275,4
DA:277,4
DA:278,0
DA:281,4
DA:282,4
DA:284,0
DA:292,4
DA:293,4
DA:294,0
DA:297,4
DA:298,4
DA:300,0
DA:308,3
DA:309,3
DA:311,0
DA:319,0
DA:320,0
DA:323,0
DA:324,0
DA:327,0
DA:329,0
DA:330,0
DA:332,0
DA:335,0
DA:336,0
DA:339,0
DA:340,0
DA:343,0
DA:344,0
DA:347,0
DA:352,0
DA:356,0
DA:358,0
DA:368,0
DA:369,0
DA:370,0
DA:371,0
DA:383,0
DA:384,0
DA:385,0
DA:386,0
DA:396,0
DA:398,0
DA:401,0
DA:403,0
DA:405,0
DA:406,0
DA:408,0
DA:411,0
DA:416,0
DA:420,0
DA:428,0
DA:430,0
DA:431,0
DA:433,0
DA:441,0
DA:443,0
DA:444,0
DA:445,0
DA:446,0
DA:450,0
DA:458,1
DA:459,1
DA:460,3
DA:461,3
DA:462,0
DA:465,1
DA:473,1
DA:474,0
DA:476,1
DA:477,0
DA:479,1
DA:484,1
LF:124
LH:59
BRDA:89,0,0,1
BRDA:89,0,1,2
BRDA:129,1,0,0
BRDA:129,1,1,2
BRDA:133,2,0,0
BRDA:133,2,1,0
BRDA:174,3,0,4
BRDA:174,3,1,0
BRDA:242,4,0,4
BRDA:242,4,1,4
BRDA:242,4,2,3
BRDA:255,5,0,9
BRDA:255,5,1,2
BRDA:256,6,0,9
BRDA:256,6,1,2
BRDA:264,7,0,0
BRDA:264,7,1,0
BRDA:277,8,0,0
BRDA:277,8,1,4
BRDA:282,9,0,4
BRDA:282,9,1,1
BRDA:293,10,0,0
BRDA:293,10,1,4
BRDA:319,11,0,0
BRDA:319,11,1,0
BRDA:323,12,0,0
BRDA:323,12,1,0
BRDA:332,13,0,0
BRDA:332,13,1,0
BRDA:332,13,2,0
BRDA:354,14,0,0
BRDA:354,14,1,0
BRDA:396,15,0,0
BRDA:396,15,1,0
BRDA:403,16,0,0
BRDA:403,16,1,0
BRDA:406,17,0,0
BRDA:406,17,1,0
BRDA:418,18,0,0
BRDA:418,18,1,0
BRDA:445,19,0,0
BRDA:445,19,1,0
BRDA:461,20,0,0
BRDA:461,20,1,3
BRDA:473,21,0,0
BRDA:473,21,1,1
BRDA:476,22,0,0
BRDA:476,22,1,1
BRF:48
BRH:18
end_of_record
TN:
SF:src/core/index.ts
FNF:0
FNH:0
LF:0
LH:0
BRF:0
BRH:0
end_of_record
TN:
SF:src/engines/chrome-ai.ts
FN:43,(anonymous_0)
FN:68,(anonymous_1)
FN:93,(anonymous_2)
FN:118,(anonymous_3)
FN:153,(anonymous_4)
FN:164,(anonymous_5)
FNF:6
FNH:5
FNDA:5,(anonymous_0)
FNDA:3,(anonymous_1)
FNDA:2,(anonymous_2)
FNDA:1,(anonymous_3)
FNDA:0,(anonymous_4)
FNDA:4,(anonymous_5)
DA:17,1
DA:27,10
DA:28,10
DA:29,10
DA:30,10
DA:32,10
DA:37,10
DA:38,10
DA:44,5
DA:46,5
DA:47,2
DA:48,2
DA:52,3
DA:53,3
DA:54,1
DA:55,1
DA:58,2
DA:60,0
DA:61,0
DA:69,3
DA:70,0
DA:73,3
DA:74,0
DA:77,3
DA:78,3
DA:81,2
DA:82,2
DA:83,2
DA:85,1
DA:86,1
DA:94,2
DA:96,2
DA:97,2
DA:98,1
DA:103,1
DA:105,1
DA:111,1
DA:119,1
DA:120,1
DA:125,1
DA:126,1
DA:127,1
DA:128,1
DA:130,1
DA:131,1
DA:132,4
DA:134,4
DA:135,1
DA:136,1
DA:139,3
DA:140,3
DA:143,1
DA:146,0
DA:154,0
DA:155,0
DA:156,0
DA:157,0
DA:165,4
DA:181,4
DA:186,1
LF:60
LH:51
BRDA:46,0,0,2
BRDA:46,0,1,3
BRDA:53,1,0,1
BRDA:53,1,1,2
BRDA:58,2,0,2
BRDA:58,2,1,1
BRDA:69,3,0,0
BRDA:69,3,1,3
BRDA:69,4,0,3
BRDA:69,4,1,0
BRDA:73,5,0,0
BRDA:73,5,1,3
BRDA:86,6,0,1
BRDA:86,6,1,0
BRDA:111,7,0,1
BRDA:111,7,1,0
BRDA:134,8,0,1
BRDA:134,8,1,3
BRDA:146,9,0,0
BRDA:146,9,1,0
BRDA:154,10,0,0
BRDA:154,10,1,0
BRDA:181,11,0,4
BRDA:181,11,1,0
BRF:24
BRH:14
end_of_record
TN:
SF:src/engines/claude.ts
FN:11,(anonymous_0)
FN:14,(anonymous_1)
FN:17,(anonymous_2)
FN:20,(anonymous_3)
FN:37,(anonymous_4)
FN:44,(anonymous_5)
FN:60,(anonymous_6)
FN:68,(anonymous_7)
FN:76,(anonymous_8)
FN:88,(anonymous_9)
FN:111,(anonymous_10)
FN:134,(anonymous_11)
FN:160,(anonymous_12)
FN:236,(anonymous_13)
FN:259,(anonymous_14)
FN:276,(anonymous_15)
FN:303,(anonymous_16)
FNF:17
FNH:3
FNDA:0,(anonymous_0)
FNDA:0,(anonymous_1)
FNDA:0,(anonymous_2)
FNDA:0,(anonymous_3)
FNDA:5,(anonymous_4)
FNDA:6,(anonymous_5)
FNDA:1,(anonymous_6)
FNDA:0,(anonymous_7)
FNDA:0,(anonymous_8)
FNDA:0,(anonymous_9)
FNDA:0,(anonymous_10)
FNDA:0,(anonymous_11)
FNDA:0,(anonymous_12)
FNDA:0,(anonymous_13)
FNDA:0,(anonymous_14)
FNDA:0,(anonymous_15)
FNDA:0,(anonymous_16)
DA:10,1
DA:12,0
DA:15,0
DA:18,0
DA:21,0
DA:25,5
DA:26,5
DA:27,5
DA:28,5
DA:30,5
DA:35,5
DA:38,5
DA:45,6
DA:46,6
DA:48,6
DA:49,6
DA:61,1
DA:62,1
DA:69,0
DA:70,0
DA:77,0
DA:89,0
DA:90,0
DA:93,0
DA:94,0
DA:96,0
DA:97,0
DA:110,0
DA:111,0
DA:112,0
DA:115,0
DA:116,0
DA:118,0
DA:124,0
DA:125,0
DA:127,0
DA:135,0
DA:136,0
DA:139,0
DA:141,0
DA:142,0
DA:159,0
DA:160,0
DA:161,0
DA:164,0
DA:165,0
DA:168,0
DA:169,0
DA:172,0
DA:174,0
DA:175,0
DA:176,0
DA:178,0
DA:179,0
DA:182,0
DA:183,0
DA:184,0
DA:186,0
DA:187,0
DA:190,0
DA:191,0
DA:195,0
DA:196,0
DA:198,0
DA:199,0
DA:202,0
DA:203,0
DA:204,0
DA:205,0
DA:207,0
DA:208,0
DA:209,0
DA:210,0
DA:211,0
DA:212,0
DA:221,0
DA:224,0
DA:226,0
DA:227,0
DA:229,0
DA:237,0
DA:238,0
DA:241,0
DA:242,0
DA:244,0
DA:245,0
DA:258,0
DA:259,0
DA:260,0
DA:263,0
DA:264,0
DA:266,0
DA:267,0
DA:269,0
DA:277,0
DA:278,0
DA:281,0
DA:282,0
DA:284,0
DA:285,0
DA:302,0
DA:303,0
DA:304,0
DA:307,0
DA:308,0
DA:311,0
DA:312,0
DA:314,0
DA:316,0
DA:317,0
DA:318,0
DA:320,0
DA:321,0
DA:324,0
DA:325,0
DA:326,0
DA:328,0
DA:329,0
DA:331,0
DA:332,0
DA:335,0
DA:336,0
DA:338,0
DA:339,0
DA:341,0
DA:342,0
DA:343,0
DA:344,0
DA:346,0
DA:347,0
DA:348,0
DA:357,0
DA:360,0
DA:362,0
DA:363,0
DA:365,0
DA:371,1
LF:137
LH:15
BRDA:48,0,0,6
BRDA:48,0,1,0
BRDA:48,1,0,6
BRDA:48,1,1,6
BRDA:51,2,0,6
BRDA:51,2,1,0
BRDA:52,3,0,6
BRDA:52,3,1,0
BRDA:62,4,0,1
BRDA:62,4,1,1
BRDA:69,5,0,0
BRDA:69,5,1,0
BRDA:89,6,0,0
BRDA:89,6,1,0
BRDA:101,7,0,0
BRDA:101,7,1,0
BRDA:110,8,0,0
BRDA:110,8,1,0
BRDA:112,9,0,0
BRDA:112,9,1,0
BRDA:116,10,0,0
BRDA:116,10,1,0
BRDA:124,11,0,0
BRDA:124,11,1,0
BRDA:135,12,0,0
BRDA:135,12,1,0
BRDA:149,13,0,0
BRDA:149,13,1,0
BRDA:159,14,0,0
BRDA:159,14,1,0
BRDA:161,15,0,0
BRDA:161,15,1,0
BRDA:164,16,0,0
BRDA:164,16,1,0
BRDA:178,17,0,0
BRDA:178,17,1,0
BRDA:184,18,0,0
BRDA:184,18,1,0
BRDA:190,19,0,0
BRDA:190,19,1,0
BRDA:195,20,0,0
BRDA:195,20,1,0
BRDA:202,21,0,0
BRDA:202,21,1,0
BRDA:204,22,0,0
BRDA:204,22,1,0
BRDA:207,23,0,0
BRDA:207,23,1,0
BRDA:210,24,0,0
BRDA:210,24,1,0
BRDA:226,25,0,0
BRDA:226,25,1,0
BRDA:237,26,0,0
BRDA:237,26,1,0
BRDA:249,27,0,0
BRDA:249,27,1,0
BRDA:258,28,0,0
BRDA:258,28,1,0
BRDA:260,29,0,0
BRDA:260,29,1,0
BRDA:264,30,0,0
BRDA:264,30,1,0
BRDA:266,31,0,0
BRDA:266,31,1,0
BRDA:277,32,0,0
BRDA:277,32,1,0
BRDA:292,33,0,0
BRDA:292,33,1,0
BRDA:302,34,0,0
BRDA:302,34,1,0
BRDA:304,35,0,0
BRDA:304,35,1,0
BRDA:307,36,0,0
BRDA:307,36,1,0
BRDA:320,37,0,0
BRDA:320,37,1,0
BRDA:326,38,0,0
BRDA:326,38,1,0
BRDA:331,39,0,0
BRDA:331,39,1,0
BRDA:335,40,0,0
BRDA:335,40,1,0
BRDA:341,41,0,0
BRDA:341,41,1,0
BRDA:343,42,0,0
BRDA:343,42,1,0
BRDA:346,43,0,0
BRDA:346,43,1,0
BRDA:346,44,0,0
BRDA:346,44,1,0
BRDA:362,45,0,0
BRDA:362,45,1,0
BRF:92
BRH:7
end_of_record
TN:
SF:src/engines/deepseek.ts
FN:11,(anonymous_0)
FN:14,(anonymous_1)
FN:17,(anonymous_2)
FN:20,(anonymous_3)
FN:37,(anonymous_4)
FN:44,(anonymous_5)
FN:60,(anonymous_6)
FN:68,(anonymous_7)
FN:76,(anonymous_8)
FN:86,(anonymous_9)
FN:108,(anonymous_10)
FN:131,(anonymous_11)
FN:157,(anonymous_12)
FN:230,(anonymous_13)
FN:253,(anonymous_14)
FN:270,(anonymous_15)
FN:297,(anonymous_16)
FNF:17
FNH:3
FNDA:0,(anonymous_0)
FNDA:0,(anonymous_1)
FNDA:0,(anonymous_2)
FNDA:0,(anonymous_3)
FNDA:5,(anonymous_4)
FNDA:6,(anonymous_5)
FNDA:1,(anonymous_6)
FNDA:0,(anonymous_7)
FNDA:0,(anonymous_8)
FNDA:0,(anonymous_9)
FNDA:0,(anonymous_10)
FNDA:0,(anonymous_11)
FNDA:0,(anonymous_12)
FNDA:0,(anonymous_13)
FNDA:0,(anonymous_14)
FNDA:0,(anonymous_15)
FNDA:0,(anonymous_16)
DA:10,1
DA:12,0
DA:15,0
DA:18,0
DA:21,0
DA:25,5
DA:26,5
DA:27,5
DA:28,5
DA:30,5
DA:35,5
DA:38,5
DA:45,6
DA:46,6
DA:48,6
DA:49,6
DA:61,1
DA:62,1
DA:69,0
DA:70,0
DA:77,0
DA:87,0
DA:88,0
DA:91,0
DA:93,0
DA:94,0
DA:107,0
DA:108,0
DA:109,0
DA:112,0
DA:113,0
DA:115,0
DA:121,0
DA:122,0
DA:124,0
DA:132,0
DA:133,0
DA:136,0
DA:138,0
DA:139,0
DA:156,0
DA:157,0
DA:158,0
DA:161,0
DA:162,0
DA:165,0
DA:166,0
DA:169,0
DA:171,0
DA:172,0
DA:173,0
DA:175,0
DA:176,0
DA:179,0
DA:180,0
DA:181,0
DA:183,0
DA:184,0
DA:187,0
DA:188,0
DA:192,0
DA:193,0
DA:196,0
DA:197,0
DA:198,0
DA:201,0
DA:202,0
DA:203,0
DA:205,0
DA:206,0
DA:215,0
DA:218,0
DA:220,0
DA:221,0
DA:223,0
DA:231,0
DA:232,0
DA:235,0
DA:236,0
DA:238,0
DA:239,0
DA:252,0
DA:253,0
DA:254,0
DA:257,0
DA:258,0
DA:260,0
DA:261,0
DA:263,0
DA:271,0
DA:272,0
DA:275,0
DA:276,0
DA:278,0
DA:279,0
DA:296,0
DA:297,0
DA:298,0
DA:301,0
DA:302,0
DA:305,0
DA:306,0
DA:308,0
DA:310,0
DA:311,0
DA:312,0
DA:314,0
DA:315,0
DA:318,0
DA:319,0
DA:320,0
DA:322,0
DA:323,0
DA:325,0
DA:326,0
DA:329,0
DA:330,0
DA:332,0
DA:333,0
DA:334,0
DA:337,0
DA:338,0
DA:339,0
DA:341,0
DA:342,0
DA:351,0
DA:354,0
DA:356,0
DA:357,0
DA:359,0
DA:365,1
LF:131
LH:15
BRDA:48,0,0,6
BRDA:48,0,1,0
BRDA:48,1,0,6
BRDA:48,1,1,6
BRDA:51,2,0,6
BRDA:51,2,1,0
BRDA:52,3,0,6
BRDA:52,3,1,0
BRDA:62,4,0,1
BRDA:62,4,1,1
BRDA:69,5,0,0
BRDA:69,5,1,0
BRDA:87,6,0,0
BRDA:87,6,1,0
BRDA:98,7,0,0
BRDA:98,7,1,0
BRDA:107,8,0,0
BRDA:107,8,1,0
BRDA:109,9,0,0
BRDA:109,9,1,0
BRDA:113,10,0,0
BRDA:113,10,1,0
BRDA:118,11,0,0
BRDA:118,11,1,0
BRDA:121,12,0,0
BRDA:121,12,1,0
BRDA:132,13,0,0
BRDA:132,13,1,0
BRDA:146,14,0,0
BRDA:146,14,1,0
BRDA:156,15,0,0
BRDA:156,15,1,0
BRDA:158,16,0,0
BRDA:158,16,1,0
BRDA:161,17,0,0
BRDA:161,17,1,0
BRDA:175,18,0,0
BRDA:175,18,1,0
BRDA:181,19,0,0
BRDA:181,19,1,0
BRDA:187,20,0,0
BRDA:187,20,1,0
BRDA:187,21,0,0
BRDA:187,21,1,0
BRDA:192,22,0,0
BRDA:192,22,1,0
BRDA:196,23,0,0
BRDA:196,23,1,0
BRDA:205,24,0,0
BRDA:205,24,1,0
BRDA:220,25,0,0
BRDA:220,25,1,0
BRDA:231,26,0,0
BRDA:231,26,1,0
BRDA:243,27,0,0
BRDA:243,27,1,0
BRDA:252,28,0,0
BRDA:252,28,1,0
BRDA:254,29,0,0
BRDA:254,29,1,0
BRDA:258,30,0,0
BRDA:258,30,1,0
BRDA:260,31,0,0
BRDA:260,31,1,0
BRDA:271,32,0,0
BRDA:271,32,1,0
BRDA:286,33,0,0
BRDA:286,33,1,0
BRDA:296,34,0,0
BRDA:296,34,1,0
BRDA:298,35,0,0
BRDA:298,35,1,0
BRDA:301,36,0,0
BRDA:301,36,1,0
BRDA:314,37,0,0
BRDA:314,37,1,0
BRDA:320,38,0,0
BRDA:320,38,1,0
BRDA:325,39,0,0
BRDA:325,39,1,0
BRDA:325,40,0,0
BRDA:325,40,1,0
BRDA:329,41,0,0
BRDA:329,41,1,0
BRDA:332,42,0,0
BRDA:332,42,1,0
BRDA:341,43,0,0
BRDA:341,43,1,0
BRDA:356,44,0,0
BRDA:356,44,1,0
BRF:90
BRH:7
end_of_record
TN:
SF:src/engines/gemini.ts
FN:11,(anonymous_0)
FN:14,(anonymous_1)
FN:17,(anonymous_2)
FN:20,(anonymous_3)
FN:37,(anonymous_4)
FN:44,(anonymous_5)
FN:60,(anonymous_6)
FN:68,(anonymous_7)
FN:77,(anonymous_8)
FN:86,(anonymous_9)
FN:93,(anonymous_10)
FN:121,(anonymous_11)
FN:144,(anonymous_12)
FN:171,(anonymous_13)
FN:244,(anonymous_14)
FN:272,(anonymous_15)
FN:289,(anonymous_16)
FN:317,(anonymous_17)
FNF:18
FNH:3
FNDA:0,(anonymous_0)
FNDA:0,(anonymous_1)
FNDA:0,(anonymous_2)
FNDA:0,(anonymous_3)
FNDA:5,(anonymous_4)
FNDA:6,(anonymous_5)
FNDA:1,(anonymous_6)
FNDA:0,(anonymous_7)
FNDA:0,(anonymous_8)
FNDA:0,(anonymous_9)
FNDA:0,(anonymous_10)
FNDA:0,(anonymous_11)
FNDA:0,(anonymous_12)
FNDA:0,(anonymous_13)
FNDA:0,(anonymous_14)
FNDA:0,(anonymous_15)
FNDA:0,(anonymous_16)
FNDA:0,(anonymous_17)
DA:10,1
DA:12,0
DA:15,0
DA:18,0
DA:21,0
DA:25,5
DA:26,5
DA:27,5
DA:28,5
DA:30,5
DA:35,5
DA:38,5
DA:45,6
DA:46,6
DA:48,6
DA:49,6
DA:61,1
DA:62,1
DA:69,0
DA:70,0
DA:71,0
DA:78,0
DA:87,0
DA:94,0
DA:95,0
DA:98,0
DA:99,0
DA:101,0
DA:102,0
DA:120,0
DA:121,0
DA:122,0
DA:125,0
DA:126,0
DA:128,0
DA:134,0
DA:135,0
DA:137,0
DA:145,0
DA:146,0
DA:149,0
DA:151,0
DA:152,0
DA:170,0
DA:171,0
DA:172,0
DA:175,0
DA:176,0
DA:179,0
DA:180,0
DA:183,0
DA:185,0
DA:186,0
DA:187,0
DA:189,0
DA:190,0
DA:193,0
DA:194,0
DA:195,0
DA:197,0
DA:198,0
DA:201,0
DA:202,0
DA:206,0
DA:207,0
DA:209,0
DA:210,0
DA:211,0
DA:213,0
DA:214,0
DA:218,0
DA:219,0
DA:220,0
DA:229,0
DA:232,0
DA:234,0
DA:235,0
DA:237,0
DA:245,0
DA:246,0
DA:249,0
DA:250,0
DA:252,0
DA:253,0
DA:271,0
DA:272,0
DA:273,0
DA:276,0
DA:277,0
DA:279,0
DA:280,0
DA:282,0
DA:290,0
DA:291,0
DA:294,0
DA:295,0
DA:297,0
DA:298,0
DA:316,0
DA:317,0
DA:318,0
DA:321,0
DA:322,0
DA:325,0
DA:326,0
DA:328,0
DA:330,0
DA:331,0
DA:332,0
DA:334,0
DA:335,0
DA:338,0
DA:339,0
DA:340,0
DA:342,0
DA:343,0
DA:345,0
DA:346,0
DA:349,0
DA:350,0
DA:352,0
DA:353,0
DA:354,0
DA:356,0
DA:357,0
DA:360,0
DA:361,0
DA:362,0
DA:371,0
DA:374,0
DA:376,0
DA:377,0
DA:379,0
DA:385,1
LF:134
LH:15
BRDA:48,0,0,6
BRDA:48,0,1,0
BRDA:48,1,0,6
BRDA:48,1,1,6
BRDA:51,2,0,6
BRDA:51,2,1,0
BRDA:52,3,0,6
BRDA:52,3,1,0
BRDA:62,4,0,1
BRDA:62,4,1,1
BRDA:69,5,0,0
BRDA:69,5,1,0
BRDA:70,6,0,0
BRDA:70,6,1,0
BRDA:94,7,0,0
BRDA:94,7,1,0
BRDA:120,8,0,0
BRDA:120,8,1,0
BRDA:122,9,0,0
BRDA:122,9,1,0
BRDA:126,10,0,0
BRDA:126,10,1,0
BRDA:134,11,0,0
BRDA:134,11,1,0
BRDA:145,12,0,0
BRDA:145,12,1,0
BRDA:170,13,0,0
BRDA:170,13,1,0
BRDA:172,14,0,0
BRDA:172,14,1,0
BRDA:175,15,0,0
BRDA:175,15,1,0
BRDA:189,16,0,0
BRDA:189,16,1,0
BRDA:195,17,0,0
BRDA:195,17,1,0
BRDA:201,18,0,0
BRDA:201,18,1,0
BRDA:206,19,0,0
BRDA:206,19,1,0
BRDA:213,20,0,0
BRDA:213,20,1,0
BRDA:218,21,0,0
BRDA:218,21,1,0
BRDA:234,22,0,0
BRDA:234,22,1,0
BRDA:245,23,0,0
BRDA:245,23,1,0
BRDA:271,24,0,0
BRDA:271,24,1,0
BRDA:273,25,0,0
BRDA:273,25,1,0
BRDA:277,26,0,0
BRDA:277,26,1,0
BRDA:279,27,0,0
BRDA:279,27,1,0
BRDA:290,28,0,0
BRDA:290,28,1,0
BRDA:316,29,0,0
BRDA:316,29,1,0
BRDA:318,30,0,0
BRDA:318,30,1,0
BRDA:321,31,0,0
BRDA:321,31,1,0
BRDA:334,32,0,0
BRDA:334,32,1,0
BRDA:340,33,0,0
BRDA:340,33,1,0
BRDA:345,34,0,0
BRDA:345,34,1,0
BRDA:349,35,0,0
BRDA:349,35,1,0
BRDA:356,36,0,0
BRDA:356,36,1,0
BRDA:360,37,0,0
BRDA:360,37,1,0
BRDA:376,38,0,0
BRDA:376,38,1,0
BRF:78
BRH:7
end_of_record
TN:
SF:src/engines/google.ts
FN:30,(anonymous_0)
FN:38,(anonymous_1)
FN:60,(anonymous_2)
FN:86,(anonymous_3)
FN:121,(anonymous_4)
FN:122,(anonymous_5)
FN:131,(anonymous_6)
FN:132,(anonymous_7)
FNF:8
FNH:8
FNDA:1,(anonymous_0)
FNDA:6,(anonymous_1)
FNDA:3,(anonymous_2)
FNDA:9,(anonymous_3)
FNDA:3,(anonymous_4)
FNDA:3,(anonymous_5)
FNDA:3,(anonymous_6)
FNDA:3,(anonymous_7)
DA:10,18
DA:11,18
DA:12,18
DA:13,18
DA:15,18
DA:25,18
DA:32,1
DA:39,6
DA:41,6
DA:42,6
DA:44,1
DA:50,5
DA:51,5
DA:53,0
DA:61,3
DA:62,3
DA:65,2
DA:66,2
DA:67,3
DA:72,3
DA:74,2
DA:76,1
DA:77,1
DA:79,0
DA:87,9
DA:95,9
DA:102,7
DA:103,1
DA:106,6
DA:108,6
DA:109,2
DA:114,4
DA:115,4
DA:116,1
DA:120,3
DA:121,3
DA:122,3
DA:125,3
DA:132,3
DA:137,1
LF:40
LH:38
BRDA:50,0,0,5
BRDA:50,0,1,0
BRDA:76,1,0,1
BRDA:76,1,1,0
BRDA:102,2,0,1
BRDA:102,2,1,6
BRDA:108,3,0,2
BRDA:108,3,1,4
BRDA:108,4,0,6
BRDA:108,4,1,5
BRDA:115,5,0,1
BRDA:115,5,1,3
BRDA:121,6,0,3
BRDA:121,6,1,0
BRF:14
BRH:11
end_of_record
TN:
SF:src/engines/index.ts
FNF:0
FNH:0
DA:32,0
LF:1
LH:0
BRF:0
BRH:0
end_of_record
TN:
SF:src/engines/openai.ts
FN:12,(anonymous_0)
FN:15,(anonymous_1)
FN:18,(anonymous_2)
FN:21,(anonymous_3)
FN:38,(anonymous_4)
FN:45,(anonymous_5)
FN:61,(anonymous_6)
FN:69,(anonymous_7)
FN:77,(anonymous_8)
FN:87,(anonymous_9)
FN:109,(anonymous_10)
FN:132,(anonymous_11)
FN:158,(anonymous_12)
FN:231,(anonymous_13)
FN:254,(anonymous_14)
FN:271,(anonymous_15)
FN:298,(anonymous_16)
FNF:17
FNH:3
FNDA:0,(anonymous_0)
FNDA:0,(anonymous_1)
FNDA:0,(anonymous_2)
FNDA:0,(anonymous_3)
FNDA:5,(anonymous_4)
FNDA:6,(anonymous_5)
FNDA:1,(anonymous_6)
FNDA:0,(anonymous_7)
FNDA:0,(anonymous_8)
FNDA:0,(anonymous_9)
FNDA:0,(anonymous_10)
FNDA:0,(anonymous_11)
FNDA:0,(anonymous_12)
FNDA:0,(anonymous_13)
FNDA:0,(anonymous_14)
FNDA:0,(anonymous_15)
FNDA:0,(anonymous_16)
DA:11,1
DA:13,0
DA:16,0
DA:19,0
DA:22,0
DA:26,5
DA:27,5
DA:28,5
DA:29,5
DA:31,5
DA:36,5
DA:39,5
DA:46,6
DA:47,6
DA:49,6
DA:50,6
DA:62,1
DA:63,1
DA:70,0
DA:71,0
DA:78,0
DA:88,0
DA:89,0
DA:92,0
DA:94,0
DA:95,0
DA:108,0
DA:109,0
DA:110,0
DA:113,0
DA:114,0
DA:116,0
DA:122,0
DA:123,0
DA:125,0
DA:133,0
DA:134,0
DA:137,0
DA:139,0
DA:140,0
DA:157,0
DA:158,0
DA:159,0
DA:162,0
DA:163,0
DA:166,0
DA:167,0
DA:170,0
DA:172,0
DA:173,0
DA:174,0
DA:176,0
DA:177,0
DA:180,0
DA:181,0
DA:182,0
DA:184,0
DA:185,0
DA:188,0
DA:189,0
DA:193,0
DA:194,0
DA:197,0
DA:198,0
DA:199,0
DA:202,0
DA:203,0
DA:204,0
DA:206,0
DA:207,0
DA:216,0
DA:219,0
DA:221,0
DA:222,0
DA:224,0
DA:232,0
DA:233,0
DA:236,0
DA:237,0
DA:239,0
DA:240,0
DA:253,0
DA:254,0
DA:255,0
DA:258,0
DA:259,0
DA:261,0
DA:262,0
DA:264,0
DA:272,0
DA:273,0
DA:276,0
DA:277,0
DA:279,0
DA:280,0
DA:297,0
DA:298,0
DA:299,0
DA:302,0
DA:303,0
DA:306,0
DA:307,0
DA:309,0
DA:311,0
DA:312,0
DA:313,0
DA:315,0
DA:316,0
DA:319,0
DA:320,0
DA:321,0
DA:323,0
DA:324,0
DA:326,0
DA:327,0
DA:330,0
DA:331,0
DA:333,0
DA:334,0
DA:335,0
DA:338,0
DA:339,0
DA:340,0
DA:342,0
DA:343,0
DA:352,0
DA:355,0
DA:357,0
DA:358,0
DA:360,0
DA:366,1
LF:131
LH:15
BRDA:49,0,0,6
BRDA:49,0,1,0
BRDA:49,1,0,6
BRDA:49,1,1,6
BRDA:52,2,0,6
BRDA:52,2,1,0
BRDA:53,3,0,6
BRDA:53,3,1,0
BRDA:63,4,0,1
BRDA:63,4,1,1
BRDA:70,5,0,0
BRDA:70,5,1,0
BRDA:88,6,0,0
BRDA:88,6,1,0
BRDA:99,7,0,0
BRDA:99,7,1,0
BRDA:108,8,0,0
BRDA:108,8,1,0
BRDA:110,9,0,0
BRDA:110,9,1,0
BRDA:114,10,0,0
BRDA:114,10,1,0
BRDA:119,11,0,0
BRDA:119,11,1,0
BRDA:122,12,0,0
BRDA:122,12,1,0
BRDA:133,13,0,0
BRDA:133,13,1,0
BRDA:147,14,0,0
BRDA:147,14,1,0
BRDA:157,15,0,0
BRDA:157,15,1,0
BRDA:159,16,0,0
BRDA:159,16,1,0
BRDA:162,17,0,0
BRDA:162,17,1,0
BRDA:176,18,0,0
BRDA:176,18,1,0
BRDA:182,19,0,0
BRDA:182,19,1,0
BRDA:188,20,0,0
BRDA:188,20,1,0
BRDA:188,21,0,0
BRDA:188,21,1,0
BRDA:193,22,0,0
BRDA:193,22,1,0
BRDA:197,23,0,0
BRDA:197,23,1,0
BRDA:206,24,0,0
BRDA:206,24,1,0
BRDA:221,25,0,0
BRDA:221,25,1,0
BRDA:232,26,0,0
BRDA:232,26,1,0
BRDA:244,27,0,0
BRDA:244,27,1,0
BRDA:253,28,0,0
BRDA:253,28,1,0
BRDA:255,29,0,0
BRDA:255,29,1,0
BRDA:259,30,0,0
BRDA:259,30,1,0
BRDA:261,31,0,0
BRDA:261,31,1,0
BRDA:272,32,0,0
BRDA:272,32,1,0
BRDA:287,33,0,0
BRDA:287,33,1,0
BRDA:297,34,0,0
BRDA:297,34,1,0
BRDA:299,35,0,0
BRDA:299,35,1,0
BRDA:302,36,0,0
BRDA:302,36,1,0
BRDA:315,37,0,0
BRDA:315,37,1,0
BRDA:321,38,0,0
BRDA:321,38,1,0
BRDA:326,39,0,0
BRDA:326,39,1,0
BRDA:326,40,0,0
BRDA:326,40,1,0
BRDA:330,41,0,0
BRDA:330,41,1,0
BRDA:333,42,0,0
BRDA:333,42,1,0
BRDA:342,43,0,0
BRDA:342,43,1,0
BRDA:357,44,0,0
BRDA:357,44,1,0
BRF:90
BRH:7
end_of_record
TN:
SF:src/engines/qwen.ts
FN:11,(anonymous_0)
FN:14,(anonymous_1)
FN:17,(anonymous_2)
FN:20,(anonymous_3)
FN:37,(anonymous_4)
FN:44,(anonymous_5)
FN:60,(anonymous_6)
FN:68,(anonymous_7)
FN:76,(anonymous_8)
FN:86,(anonymous_9)
FN:108,(anonymous_10)
FN:131,(anonymous_11)
FN:157,(anonymous_12)
FN:230,(anonymous_13)
FN:253,(anonymous_14)
FN:270,(anonymous_15)
FN:297,(anonymous_16)
FNF:17
FNH:3
FNDA:0,(anonymous_0)
FNDA:0,(anonymous_1)
FNDA:0,(anonymous_2)
FNDA:0,(anonymous_3)
FNDA:5,(anonymous_4)
FNDA:6,(anonymous_5)
FNDA:1,(anonymous_6)
FNDA:0,(anonymous_7)
FNDA:0,(anonymous_8)
FNDA:0,(anonymous_9)
FNDA:0,(anonymous_10)
FNDA:0,(anonymous_11)
FNDA:0,(anonymous_12)
FNDA:0,(anonymous_13)
FNDA:0,(anonymous_14)
FNDA:0,(anonymous_15)
FNDA:0,(anonymous_16)
DA:10,1
DA:12,0
DA:15,0
DA:18,0
DA:21,0
DA:25,5
DA:26,5
DA:27,5
DA:28,5
DA:30,5
DA:35,5
DA:38,5
DA:45,6
DA:46,6
DA:48,6
DA:49,6
DA:61,1
DA:62,1
DA:69,0
DA:70,0
DA:77,0
DA:87,0
DA:88,0
DA:91,0
DA:93,0
DA:94,0
DA:107,0
DA:108,0
DA:109,0
DA:112,0
DA:113,0
DA:115,0
DA:121,0
DA:122,0
DA:124,0
DA:132,0
DA:133,0
DA:136,0
DA:138,0
DA:139,0
DA:156,0
DA:157,0
DA:158,0
DA:161,0
DA:162,0
DA:165,0
DA:166,0
DA:169,0
DA:171,0
DA:172,0
DA:173,0
DA:175,0
DA:176,0
DA:179,0
DA:180,0
DA:181,0
DA:183,0
DA:184,0
DA:187,0
DA:188,0
DA:192,0
DA:193,0
DA:196,0
DA:197,0
DA:198,0
DA:201,0
DA:202,0
DA:203,0
DA:205,0
DA:206,0
DA:215,0
DA:218,0
DA:220,0
DA:221,0
DA:223,0
DA:231,0
DA:232,0
DA:235,0
DA:236,0
DA:238,0
DA:239,0
DA:252,0
DA:253,0
DA:254,0
DA:257,0
DA:258,0
DA:260,0
DA:261,0
DA:263,0
DA:271,0
DA:272,0
DA:275,0
DA:276,0
DA:278,0
DA:279,0
DA:296,0
DA:297,0
DA:298,0
DA:301,0
DA:302,0
DA:305,0
DA:306,0
DA:308,0
DA:310,0
DA:311,0
DA:312,0
DA:314,0
DA:315,0
DA:318,0
DA:319,0
DA:320,0
DA:322,0
DA:323,0
DA:325,0
DA:326,0
DA:329,0
DA:330,0
DA:332,0
DA:333,0
DA:334,0
DA:337,0
DA:338,0
DA:339,0
DA:341,0
DA:342,0
DA:351,0
DA:354,0
DA:356,0
DA:357,0
DA:359,0
DA:365,1
LF:131
LH:15
BRDA:48,0,0,6
BRDA:48,0,1,0
BRDA:48,1,0,6
BRDA:48,1,1,6
BRDA:51,2,0,6
BRDA:51,2,1,0
BRDA:52,3,0,6
BRDA:52,3,1,0
BRDA:62,4,0,1
BRDA:62,4,1,1
BRDA:69,5,0,0
BRDA:69,5,1,0
BRDA:87,6,0,0
BRDA:87,6,1,0
BRDA:98,7,0,0
BRDA:98,7,1,0
BRDA:107,8,0,0
BRDA:107,8,1,0
BRDA:109,9,0,0
BRDA:109,9,1,0
BRDA:113,10,0,0
BRDA:113,10,1,0
BRDA:118,11,0,0
BRDA:118,11,1,0
BRDA:121,12,0,0
BRDA:121,12,1,0
BRDA:132,13,0,0
BRDA:132,13,1,0
BRDA:146,14,0,0
BRDA:146,14,1,0
BRDA:156,15,0,0
BRDA:156,15,1,0
BRDA:158,16,0,0
BRDA:158,16,1,0
BRDA:161,17,0,0
BRDA:161,17,1,0
BRDA:175,18,0,0
BRDA:175,18,1,0
BRDA:181,19,0,0
BRDA:181,19,1,0
BRDA:187,20,0,0
BRDA:187,20,1,0
BRDA:187,21,0,0
BRDA:187,21,1,0
BRDA:192,22,0,0
BRDA:192,22,1,0
BRDA:196,23,0,0
BRDA:196,23,1,0
BRDA:205,24,0,0
BRDA:205,24,1,0
BRDA:220,25,0,0
BRDA:220,25,1,0
BRDA:231,26,0,0
BRDA:231,26,1,0
BRDA:243,27,0,0
BRDA:243,27,1,0
BRDA:252,28,0,0
BRDA:252,28,1,0
BRDA:254,29,0,0
BRDA:254,29,1,0
BRDA:258,30,0,0
BRDA:258,30,1,0
BRDA:260,31,0,0
BRDA:260,31,1,0
BRDA:271,32,0,0
BRDA:271,32,1,0
BRDA:286,33,0,0
BRDA:286,33,1,0
BRDA:296,34,0,0
BRDA:296,34,1,0
BRDA:298,35,0,0
BRDA:298,35,1,0
BRDA:301,36,0,0
BRDA:301,36,1,0
BRDA:314,37,0,0
BRDA:314,37,1,0
BRDA:320,38,0,0
BRDA:320,38,1,0
BRDA:325,39,0,0
BRDA:325,39,1,0
BRDA:325,40,0,0
BRDA:325,40,1,0
BRDA:329,41,0,0
BRDA:329,41,1,0
BRDA:332,42,0,0
BRDA:332,42,1,0
BRDA:341,43,0,0
BRDA:341,43,1,0
BRDA:356,44,0,0
BRDA:356,44,1,0
BRF:90
BRH:7
end_of_record
TN:
SF:src/engines/wasm.ts
FN:73,loadTransformers
FN:121,(anonymous_1)
FN:150,(anonymous_2)
FN:167,(anonymous_3)
FN:192,(anonymous_4)
FN:204,(anonymous_5)
FN:208,(anonymous_6)
FN:229,(anonymous_7)
FN:236,(anonymous_8)
FN:243,(anonymous_9)
FN:271,(anonymous_10)
FN:293,(anonymous_11)
FN:307,(anonymous_12)
FN:314,(anonymous_13)
FNF:14
FNH:7
FNDA:1,loadTransformers
FNDA:2,(anonymous_1)
FNDA:1,(anonymous_2)
FNDA:1,(anonymous_3)
FNDA:0,(anonymous_4)
FNDA:0,(anonymous_5)
FNDA:0,(anonymous_6)
FNDA:0,(anonymous_7)
FNDA:0,(anonymous_8)
FNDA:1,(anonymous_9)
FNDA:1,(anonymous_10)
FNDA:0,(anonymous_11)
FNDA:0,(anonymous_12)
FNDA:1,(anonymous_13)
DA:10,1
DA:31,1
DA:66,1
DA:67,1
DA:74,1
DA:75,0
DA:77,1
DA:79,1
DA:82,1
DA:83,1
DA:87,1
DA:89,0
DA:90,0
DA:91,0
DA:100,7
DA:101,7
DA:102,7
DA:103,7
DA:105,7
DA:110,7
DA:111,7
DA:116,7
DA:122,2
DA:123,2
DA:124,1
DA:127,1
DA:128,0
DA:131,1
DA:132,0
DA:133,0
DA:134,0
DA:136,0
DA:140,1
DA:141,1
DA:143,0
DA:151,1
DA:152,0
DA:155,1
DA:156,0
DA:159,1
DA:160,1
DA:161,1
DA:168,1
DA:169,1
DA:172,1
DA:174,1
DA:175,0
DA:178,1
DA:181,1
DA:182,1
DA:185,1
DA:191,1
DA:193,0
DA:194,0
DA:196,0
DA:201,0
DA:205,0
DA:209,0
DA:213,1
DA:214,1
DA:215,1
DA:216,1
DA:218,0
DA:219,0
DA:220,0
DA:221,0
DA:222,0
DA:230,0
DA:237,0
DA:244,1
DA:246,1
DA:247,0
DA:250,1
DA:251,0
DA:254,1
DA:255,1
DA:257,1
DA:263,0
DA:272,1
DA:273,0
DA:276,1
DA:277,0
DA:280,1
DA:281,1
DA:283,1
DA:284,1
DA:286,0
DA:294,0
DA:295,0
DA:296,0
DA:298,0
DA:299,0
DA:300,0
DA:301,0
DA:308,0
DA:315,1
DA:323,1
LF:97
LH:57
BRDA:74,0,0,0
BRDA:74,0,1,1
BRDA:123,1,0,1
BRDA:123,1,1,1
BRDA:127,2,0,0
BRDA:127,2,1,1
BRDA:131,3,0,0
BRDA:131,3,1,1
BRDA:151,4,0,0
BRDA:151,4,1,1
BRDA:155,5,0,0
BRDA:155,5,1,1
BRDA:174,6,0,0
BRDA:174,6,1,1
BRDA:201,7,0,0
BRDA:201,7,1,0
BRDA:219,8,0,0
BRDA:219,8,1,0
BRDA:222,9,0,0
BRDA:222,9,1,0
BRDA:230,10,0,0
BRDA:230,10,1,0
BRDA:246,11,0,0
BRDA:246,11,1,1
BRDA:250,12,0,0
BRDA:250,12,1,1
BRDA:263,13,0,0
BRDA:263,13,1,0
BRDA:272,14,0,0
BRDA:272,14,1,1
BRDA:276,15,0,0
BRDA:276,15,1,1
BRDA:286,16,0,0
BRDA:286,16,1,0
BRDA:294,17,0,0
BRDA:294,17,1,0
BRF:36
BRH:12
end_of_record
TN:
SF:src/engines/webgpu.ts
FN:73,loadWebLLM
FN:112,(anonymous_1)
FN:119,(anonymous_2)
FN:147,(anonymous_3)
FN:169,(anonymous_4)
FN:185,(anonymous_5)
FN:218,(anonymous_6)
FN:239,(anonymous_7)
FN:240,(anonymous_8)
FN:250,(anonymous_9)
FN:261,(anonymous_10)
FN:291,(anonymous_11)
FN:323,(anonymous_12)
FN:327,(anonymous_13)
FN:327,(anonymous_14)
FN:328,(anonymous_15)
FN:351,(anonymous_16)
FN:361,(anonymous_17)
FN:384,(anonymous_18)
FN:395,(anonymous_19)
FNF:20
FNH:5
FNDA:0,loadWebLLM
FNDA:6,(anonymous_1)
FNDA:6,(anonymous_2)
FNDA:3,(anonymous_3)
FNDA:0,(anonymous_4)
FNDA:0,(anonymous_5)
FNDA:0,(anonymous_6)
FNDA:1,(anonymous_7)
FNDA:4,(anonymous_8)
FNDA:0,(anonymous_9)
FNDA:0,(anonymous_10)
FNDA:0,(anonymous_11)
FNDA:0,(anonymous_12)
FNDA:0,(anonymous_13)
FNDA:0,(anonymous_14)
FNDA:0,(anonymous_15)
FNDA:0,(anonymous_16)
FNDA:0,(anonymous_17)
FNDA:0,(anonymous_18)
FNDA:0,(anonymous_19)
DA:29,1
DA:55,1
DA:62,1
DA:66,1
DA:67,1
DA:74,0
DA:75,0
DA:77,0
DA:79,0
DA:82,0
DA:83,0
DA:84,0
DA:86,0
DA:87,0
DA:88,0
DA:97,6
DA:98,6
DA:99,6
DA:100,6
DA:102,6
DA:107,6
DA:108,6
DA:109,6
DA:110,6
DA:113,6
DA:120,6
DA:121,6
DA:122,1
DA:123,1
DA:124,1
DA:127,5
DA:128,4
DA:129,3
DA:130,3
DA:131,3
DA:134,1
DA:135,1
DA:136,1
DA:138,1
DA:139,1
DA:140,1
DA:148,3
DA:149,3
DA:153,0
DA:154,0
DA:158,0
DA:159,0
DA:160,0
DA:162,0
DA:170,0
DA:171,0
DA:174,0
DA:175,0
DA:178,0
DA:179,0
DA:186,0
DA:188,0
DA:190,0
DA:191,0
DA:194,0
DA:196,0
DA:199,0
DA:204,0
DA:206,0
DA:207,0
DA:209,0
DA:210,0
DA:211,0
DA:219,0
DA:220,0
DA:224,0
DA:225,0
DA:226,0
DA:229,0
DA:230,0
DA:233,0
DA:240,4
DA:251,0
DA:252,0
DA:262,0
DA:264,0
DA:265,0
DA:268,0
DA:269,0
DA:272,0
DA:274,0
DA:275,0
DA:276,0
DA:278,0
DA:284,0
DA:292,0
DA:293,0
DA:296,0
DA:297,0
DA:300,0
DA:302,0
DA:304,0
DA:307,0
DA:310,0
DA:311,0
DA:313,0
DA:315,0
DA:316,0
DA:317,0
DA:318,0
DA:322,0
DA:323,0
DA:325,0
DA:327,0
DA:328,0
DA:330,0
DA:332,0
DA:333,0
DA:334,0
DA:336,0
DA:337,0
DA:344,0
DA:352,0
DA:362,0
DA:378,0
DA:385,0
DA:386,0
DA:387,0
DA:389,0
DA:398,0
DA:403,1
LF:126
LH:35
BRDA:74,0,0,0
BRDA:74,0,1,0
BRDA:121,1,0,1
BRDA:121,1,1,5
BRDA:128,2,0,3
BRDA:128,2,1,1
BRDA:148,3,0,3
BRDA:148,3,1,0
BRDA:153,4,0,0
BRDA:153,4,1,0
BRDA:170,5,0,0
BRDA:170,5,1,0
BRDA:174,6,0,0
BRDA:174,6,1,0
BRDA:190,7,0,0
BRDA:190,7,1,0
BRDA:211,8,0,0
BRDA:211,8,1,0
BRDA:219,9,0,0
BRDA:219,9,1,0
BRDA:219,10,0,0
BRDA:219,10,1,0
BRDA:224,11,0,0
BRDA:224,11,1,0
BRDA:264,12,0,0
BRDA:264,12,1,0
BRDA:268,13,0,0
BRDA:268,13,1,0
BRDA:284,14,0,0
BRDA:284,14,1,0
BRDA:292,15,0,0
BRDA:292,15,1,0
BRDA:296,16,0,0
BRDA:296,16,1,0
BRDA:315,17,0,0
BRDA:315,17,1,0
BRDA:330,18,0,0
BRDA:330,18,1,0
BRDA:333,19,0,0
BRDA:333,19,1,0
BRDA:344,20,0,0
BRDA:344,20,1,0
BRDA:378,21,0,0
BRDA:378,21,1,0
BRDA:385,22,0,0
BRDA:385,22,1,0
BRDA:398,23,0,0
BRDA:398,23,1,0
BRF:48
BRH:5
end_of_record
TN:
SF:src/hooks/index.ts
FNF:0
FNH:0
LF:0
LH:0
BRF:0
BRH:0
end_of_record
TN:
SF:src/hooks/useFocusTrap.ts
FN:30,getFocusableElements
FN:31,(anonymous_1)
FN:51,useFocusTrap
FN:60,(anonymous_3)
FN:74,(anonymous_4)
FN:81,(anonymous_5)
FN:85,(anonymous_6)
FN:91,(anonymous_7)
FN:96,(anonymous_8)
FN:118,(anonymous_9)
FN:122,(anonymous_10)
FNF:11
FNH:0
FNDA:0,getFocusableElements
FNDA:0,(anonymous_1)
FNDA:0,useFocusTrap
FNDA:0,(anonymous_3)
FNDA:0,(anonymous_4)
FNDA:0,(anonymous_5)
FNDA:0,(anonymous_6)
FNDA:0,(anonymous_7)
FNDA:0,(anonymous_8)
FNDA:0,(anonymous_9)
FNDA:0,(anonymous_10)
DA:17,0
DA:31,0
DA:32,0
DA:57,0
DA:60,0
DA:61,0
DA:63,0
DA:64,0
DA:65,0
DA:66,0
DA:69,0
DA:74,0
DA:75,0
DA:78,0
DA:81,0
DA:82,0
DA:85,0
DA:86,0
DA:91,0
DA:92,0
DA:94,0
DA:96,0
DA:97,0
DA:99,0
DA:100,0
DA:101,0
DA:103,0
DA:106,0
DA:107,0
DA:108,0
DA:111,0
DA:112,0
DA:113,0
DA:117,0
DA:118,0
DA:122,0
DA:123,0
DA:124,0
DA:125,0
DA:126,0
DA:130,0
LF:41
LH:0
BRDA:52,0,0,0
BRDA:61,1,0,0
BRDA:61,1,1,0
BRDA:65,2,0,0
BRDA:65,2,1,0
BRDA:75,3,0,0
BRDA:75,3,1,0
BRDA:92,4,0,0
BRDA:92,4,1,0
BRDA:92,5,0,0
BRDA:92,5,1,0
BRDA:97,6,0,0
BRDA:97,6,1,0
BRDA:103,7,0,0
BRDA:103,7,1,0
BRDA:103,8,0,0
BRDA:103,8,1,0
BRDA:106,9,0,0
BRDA:106,9,1,0
BRDA:106,10,0,0
BRDA:106,10,1,0
BRDA:111,11,0,0
BRDA:111,11,1,0
BRDA:111,12,0,0
BRDA:111,12,1,0
BRDA:123,13,0,0
BRDA:123,13,1,0
BRDA:123,14,0,0
BRDA:123,14,1,0
BRDA:125,15,0,0
BRDA:125,15,1,0
BRDA:125,16,0,0
BRDA:125,16,1,0
BRF:33
BRH:0
end_of_record
TN:
SF:src/hooks/useSpeech.ts
FN:53,useSpeech
FN:60,(anonymous_1)
FN:67,(anonymous_2)
FN:68,(anonymous_3)
FN:82,(anonymous_4)
FN:91,(anonymous_5)
FN:96,(anonymous_6)
FN:101,(anonymous_7)
FN:107,(anonymous_8)
FN:116,(anonymous_9)
FN:121,(anonymous_10)
FNF:11
FNH:0
FNDA:0,useSpeech
FNDA:0,(anonymous_1)
FNDA:0,(anonymous_2)
FNDA:0,(anonymous_3)
FNDA:0,(anonymous_4)
FNDA:0,(anonymous_5)
FNDA:0,(anonymous_6)
FNDA:0,(anonymous_7)
FNDA:0,(anonymous_8)
FNDA:0,(anonymous_9)
FNDA:0,(anonymous_10)
DA:54,0
DA:56,0
DA:57,0
DA:60,0
DA:61,0
DA:62,0
DA:67,0
DA:68,0
DA:69,0
DA:70,0
DA:71,0
DA:76,0
DA:78,0
DA:82,0
DA:84,0
DA:85,0
DA:91,0
DA:92,0
DA:96,0
DA:97,0
DA:101,0
DA:102,0
DA:103,0
DA:107,0
DA:109,0
DA:110,0
DA:116,0
DA:117,0
DA:121,0
DA:122,0
DA:125,0
LF:31
LH:0
BRDA:53,0,0,0
BRDA:54,1,0,0
BRDA:61,2,0,0
BRDA:61,2,1,0
BRDA:70,3,0,0
BRDA:70,3,1,0
BRDA:85,4,0,0
BRDA:85,4,1,0
BRDA:110,5,0,0
BRDA:110,5,1,0
BRF:10
BRH:0
end_of_record
TN:
SF:src/services/SpeechService.ts
FN:88,getLanguageVoice
FN:93,getEdgeVoice
FN:96,(anonymous_2)
FN:100,(anonymous_3)
FN:120,(anonymous_4)
FN:145,(anonymous_5)
FN:157,(anonymous_6)
FN:158,(anonymous_7)
FN:168,(anonymous_8)
FN:184,(anonymous_9)
FN:209,(anonymous_10)
FN:225,(anonymous_11)
FN:251,(anonymous_12)
FN:256,(anonymous_13)
FN:282,(anonymous_14)
FN:295,(anonymous_15)
FN:315,(anonymous_16)
FN:351,(anonymous_17)
FN:360,(anonymous_18)
FN:377,(anonymous_19)
FN:384,(anonymous_20)
FN:385,(anonymous_21)
FN:400,(anonymous_22)
FN:405,(anonymous_23)
FN:410,(anonymous_24)
FN:415,(anonymous_25)
FN:417,(anonymous_26)
FN:421,(anonymous_27)
FN:422,(anonymous_28)
FN:426,(anonymous_29)
FN:431,(anonymous_30)
FN:435,(anonymous_31)
FN:442,(anonymous_32)
FN:451,(anonymous_33)
FN:470,(anonymous_34)
FN:486,(anonymous_35)
FN:491,(anonymous_36)
FN:497,(anonymous_37)
FN:511,(anonymous_38)
FN:523,(anonymous_39)
FN:528,(anonymous_40)
FN:533,(anonymous_41)
FN:548,(anonymous_42)
FN:561,(anonymous_43)
FN:574,(anonymous_44)
FN:586,(anonymous_45)
FN:595,(anonymous_46)
FNF:47
FNH:0
FNDA:0,getLanguageVoice
FNDA:0,getEdgeVoice
FNDA:0,(anonymous_2)
FNDA:0,(anonymous_3)
FNDA:0,(anonymous_4)
FNDA:0,(anonymous_5)
FNDA:0,(anonymous_6)
FNDA:0,(anonymous_7)
FNDA:0,(anonymous_8)
FNDA:0,(anonymous_9)
FNDA:0,(anonymous_10)
FNDA:0,(anonymous_11)
FNDA:0,(anonymous_12)
FNDA:0,(anonymous_13)
FNDA:0,(anonymous_14)
FNDA:0,(anonymous_15)
FNDA:0,(anonymous_16)
FNDA:0,(anonymous_17)
FNDA:0,(anonymous_18)
FNDA:0,(anonymous_19)
FNDA:0,(anonymous_20)
FNDA:0,(anonymous_21)
FNDA:0,(anonymous_22)
FNDA:0,(anonymous_23)
FNDA:0,(anonymous_24)
FNDA:0,(anonymous_25)
FNDA:0,(anonymous_26)
FNDA:0,(anonymous_27)
FNDA:0,(anonymous_28)
FNDA:0,(anonymous_29)
FNDA:0,(anonymous_30)
FNDA:0,(anonymous_31)
FNDA:0,(anonymous_32)
FNDA:0,(anonymous_33)
FNDA:0,(anonymous_34)
FNDA:0,(anonymous_35)
FNDA:0,(anonymous_36)
FNDA:0,(anonymous_37)
FNDA:0,(anonymous_38)
FNDA:0,(anonymous_39)
FNDA:0,(anonymous_40)
FNDA:0,(anonymous_41)
FNDA:0,(anonymous_42)
FNDA:0,(anonymous_43)
FNDA:0,(anonymous_44)
FNDA:0,(anonymous_45)
FNDA:0,(anonymous_46)
DA:34,0
DA:60,0
DA:69,0
DA:89,0
DA:94,0
DA:96,0
DA:97,0
DA:99,0
DA:100,0
DA:101,0
DA:111,0
DA:112,0
DA:113,0
DA:114,0
DA:115,0
DA:122,0
DA:123,0
DA:126,0
DA:127,0
DA:130,0
DA:131,0
DA:133,0
DA:139,0
DA:146,0
DA:158,0
DA:159,0
DA:160,0
DA:161,0
DA:179,0
DA:181,0
DA:182,0
DA:184,0
DA:185,0
DA:187,0
DA:188,0
DA:189,0
DA:192,0
DA:193,0
DA:194,0
DA:206,0
DA:209,0
DA:210,0
DA:219,0
DA:221,0
DA:225,0
DA:226,0
DA:228,0
DA:229,0
DA:231,0
DA:232,0
DA:234,0
DA:235,0
DA:237,0
DA:240,0
DA:241,0
DA:242,0
DA:245,0
DA:251,0
DA:252,0
DA:253,0
DA:256,0
DA:257,0
DA:258,0
DA:259,0
DA:260,0
DA:261,0
DA:263,0
DA:269,0
DA:270,0
DA:271,0
DA:276,0
DA:280,0
DA:281,0
DA:282,0
DA:283,0
DA:284,0
DA:285,0
DA:287,0
DA:288,0
DA:290,0
DA:291,0
DA:295,0
DA:296,0
DA:297,0
DA:298,0
DA:299,0
DA:300,0
DA:304,0
DA:305,0
DA:306,0
DA:307,0
DA:316,0
DA:318,0
DA:319,0
DA:320,0
DA:324,0
DA:327,0
DA:328,0
DA:329,0
DA:333,0
DA:336,0
DA:337,0
DA:338,0
DA:342,0
DA:345,0
DA:352,0
DA:353,0
DA:361,0
DA:362,0
DA:370,0
DA:371,0
DA:372,0
DA:373,0
DA:374,0
DA:378,0
DA:379,0
DA:380,0
DA:385,0
DA:386,0
DA:387,0
DA:391,0
DA:394,0
DA:395,0
DA:401,0
DA:406,0
DA:411,0
DA:416,0
DA:417,0
DA:422,0
DA:427,0
DA:432,0
DA:435,0
DA:436,0
DA:440,0
DA:441,0
DA:442,0
DA:443,0
DA:447,0
DA:453,0
DA:454,0
DA:457,0
DA:458,0
DA:460,0
DA:462,0
DA:465,0
DA:471,0
DA:474,0
DA:475,0
DA:476,0
DA:477,0
DA:480,0
DA:481,0
DA:482,0
DA:486,0
DA:487,0
DA:488,0
DA:491,0
DA:492,0
DA:493,0
DA:494,0
DA:497,0
DA:498,0
DA:499,0
DA:500,0
DA:501,0
DA:504,0
DA:505,0
DA:506,0
DA:507,0
DA:512,0
DA:513,0
DA:514,0
DA:516,0
DA:524,0
DA:525,0
DA:529,0
DA:530,0
DA:534,0
DA:535,0
DA:536,0
DA:540,0
DA:541,0
DA:542,0
DA:543,0
DA:549,0
DA:550,0
DA:551,0
DA:553,0
DA:555,0
DA:556,0
DA:562,0
DA:563,0
DA:564,0
DA:566,0
DA:568,0
DA:569,0
DA:575,0
DA:576,0
DA:578,0
DA:580,0
DA:581,0
DA:582,0
DA:587,0
DA:588,0
DA:590,0
DA:596,0
DA:601,0
LF:207
LH:0
BRDA:89,0,0,0
BRDA:89,0,1,0
BRDA:89,0,2,0
BRDA:97,1,0,0
BRDA:97,1,1,0
BRDA:99,2,0,0
BRDA:99,2,1,0
BRDA:101,3,0,0
BRDA:101,3,1,0
BRDA:123,4,0,0
BRDA:123,4,1,0
BRDA:127,5,0,0
BRDA:127,5,1,0
BRDA:160,6,0,0
BRDA:160,6,1,0
BRDA:226,7,0,0
BRDA:226,7,1,0
BRDA:228,8,0,0
BRDA:228,8,1,0
BRDA:228,9,0,0
BRDA:228,9,1,0
BRDA:231,10,0,0
BRDA:231,10,1,0
BRDA:231,11,0,0
BRDA:231,11,1,0
BRDA:234,12,0,0
BRDA:234,12,1,0
BRDA:240,13,0,0
BRDA:240,13,1,0
BRDA:252,14,0,0
BRDA:252,14,1,0
BRDA:252,15,0,0
BRDA:252,15,1,0
BRDA:258,16,0,0
BRDA:258,16,1,0
BRDA:305,17,0,0
BRDA:305,17,1,0
BRDA:318,18,0,0
BRDA:318,18,1,0
BRDA:327,19,0,0
BRDA:327,19,1,0
BRDA:336,20,0,0
BRDA:336,20,1,0
BRDA:352,21,0,0
BRDA:352,21,1,0
BRDA:352,22,0,0
BRDA:352,22,1,0
BRDA:361,23,0,0
BRDA:361,23,1,0
BRDA:361,24,0,0
BRDA:361,24,1,0
BRDA:394,25,0,0
BRDA:394,25,1,0
BRDA:440,26,0,0
BRDA:440,26,1,0
BRDA:441,27,0,0
BRDA:441,27,1,0
BRDA:447,28,0,0
BRDA:447,28,1,0
BRDA:453,29,0,0
BRDA:453,29,1,0
BRDA:457,30,0,0
BRDA:457,30,1,0
BRDA:458,31,0,0
BRDA:458,31,1,0
BRDA:460,32,0,0
BRDA:460,32,1,0
BRDA:481,33,0,0
BRDA:481,33,1,0
BRDA:549,34,0,0
BRDA:549,34,1,0
BRDA:550,35,0,0
BRDA:550,35,1,0
BRDA:562,36,0,0
BRDA:562,36,1,0
BRDA:563,37,0,0
BRDA:563,37,1,0
BRDA:575,38,0,0
BRDA:575,38,1,0
BRDA:587,39,0,0
BRDA:587,39,1,0
BRF:81
BRH:0
end_of_record
TN:
SF:src/stores/engine.ts
FN:12,(anonymous_0)
FN:20,(anonymous_1)
FN:23,(anonymous_2)
FN:93,(anonymous_3)
FN:99,(anonymous_4)
FN:103,(anonymous_5)
FN:104,(anonymous_6)
FN:112,(anonymous_7)
FN:113,(anonymous_8)
FN:121,(anonymous_9)
FN:125,(anonymous_10)
FN:126,(anonymous_11)
FN:127,(anonymous_12)
FN:133,(anonymous_13)
FN:137,(anonymous_14)
FN:141,(anonymous_15)
FN:145,(anonymous_16)
FN:149,(anonymous_17)
FN:153,(anonymous_18)
FN:157,(anonymous_19)
FN:163,(anonymous_20)
FN:164,(anonymous_21)
FN:180,isSelectedEngineEnabled
FN:189,getEngineStatus
FN:191,(anonymous_24)
FNF:25
FNH:0
FNDA:0,(anonymous_0)
FNDA:0,(anonymous_1)
FNDA:0,(anonymous_2)
FNDA:0,(anonymous_3)
FNDA:0,(anonymous_4)
FNDA:0,(anonymous_5)
FNDA:0,(anonymous_6)
FNDA:0,(anonymous_7)
FNDA:0,(anonymous_8)
FNDA:0,(anonymous_9)
FNDA:0,(anonymous_10)
FNDA:0,(anonymous_11)
FNDA:0,(anonymous_12)
FNDA:0,(anonymous_13)
FNDA:0,(anonymous_14)
FNDA:0,(anonymous_15)
FNDA:0,(anonymous_16)
FNDA:0,(anonymous_17)
FNDA:0,(anonymous_18)
FNDA:0,(anonymous_19)
FNDA:0,(anonymous_20)
FNDA:0,(anonymous_21)
FNDA:0,isSelectedEngineEnabled
FNDA:0,getEngineStatus
FNDA:0,(anonymous_24)
DA:11,0
DA:13,0
DA:14,0
DA:15,0
DA:16,0
DA:18,0
DA:21,0
DA:24,0
DA:72,0
DA:92,0
DA:94,0
DA:100,0
DA:104,0
DA:113,0
DA:122,0
DA:126,0
DA:128,0
DA:134,0
DA:138,0
DA:142,0
DA:146,0
DA:150,0
DA:154,0
DA:158,0
DA:163,0
DA:164,0
DA:181,0
DA:182,0
DA:183,0
DA:190,0
DA:191,0
DA:192,0
LF:32
LH:0
BRDA:15,0,0,0
BRDA:15,0,1,0
BRDA:128,1,0,0
BRDA:128,1,1,0
BRDA:182,2,0,0
BRDA:182,2,1,0
BRDA:183,3,0,0
BRDA:183,3,1,0
BRDA:192,4,0,0
BRDA:192,4,1,0
BRF:10
BRH:0
end_of_record
TN:
SF:src/stores/index.ts
FNF:0
FNH:0
LF:0
LH:0
BRF:0
BRH:0
end_of_record
TN:
SF:src/stores/settings.ts
FN:47,(anonymous_0)
FN:55,(anonymous_1)
FN:58,(anonymous_2)
FN:103,(anonymous_3)
FN:113,(anonymous_4)
FN:114,(anonymous_5)
FN:125,(anonymous_6)
FN:126,(anonymous_7)
FN:136,(anonymous_8)
FN:140,(anonymous_9)
FN:144,(anonymous_10)
FN:148,(anonymous_11)
FN:152,(anonymous_12)
FN:156,(anonymous_13)
FN:163,(anonymous_14)
FN:164,(anonymous_15)
FN:176,isAnyLLMConfigured
FN:178,(anonymous_17)
FN:182,getConfiguredProviders
FN:185,(anonymous_19)
FN:186,(anonymous_20)
FNF:21
FNH:0
FNDA:0,(anonymous_0)
FNDA:0,(anonymous_1)
FNDA:0,(anonymous_2)
FNDA:0,(anonymous_3)
FNDA:0,(anonymous_4)
FNDA:0,(anonymous_5)
FNDA:0,(anonymous_6)
FNDA:0,(anonymous_7)
FNDA:0,(anonymous_8)
FNDA:0,(anonymous_9)
FNDA:0,(anonymous_10)
FNDA:0,(anonymous_11)
FNDA:0,(anonymous_12)
FNDA:0,(anonymous_13)
FNDA:0,(anonymous_14)
FNDA:0,(anonymous_15)
FNDA:0,isAnyLLMConfigured
FNDA:0,(anonymous_17)
FNDA:0,getConfiguredProviders
FNDA:0,(anonymous_19)
FNDA:0,(anonymous_20)
DA:46,0
DA:48,0
DA:49,0
DA:50,0
DA:51,0
DA:53,0
DA:56,0
DA:59,0
DA:64,0
DA:102,0
DA:104,0
DA:114,0
DA:126,0
DA:137,0
DA:141,0
DA:145,0
DA:149,0
DA:153,0
DA:157,0
DA:158,0
DA:163,0
DA:164,0
DA:177,0
DA:178,0
DA:183,0
DA:184,0
DA:185,0
DA:186,0
LF:28
LH:0
BRDA:50,0,0,0
BRDA:50,0,1,0
BRDA:158,1,0,0
BRDA:158,1,1,0
BRDA:178,2,0,0
BRDA:178,2,1,0
BRDA:185,3,0,0
BRDA:185,3,1,0
BRF:8
BRH:0
end_of_record
TN:
SF:src/utils/cache.ts
FN:22,(anonymous_0)
FN:31,(anonymous_1)
FN:40,(anonymous_2)
FN:53,(anonymous_3)
FN:71,(anonymous_4)
FN:91,(anonymous_5)
FN:98,(anonymous_6)
FNF:7
FNH:0
FNDA:0,(anonymous_0)
FNDA:0,(anonymous_1)
FNDA:0,(anonymous_2)
FNDA:0,(anonymous_3)
FNDA:0,(anonymous_4)
FNDA:0,(anonymous_5)
FNDA:0,(anonymous_6)
DA:11,0
DA:12,0
DA:23,0
DA:24,0
DA:25,0
DA:33,0
DA:34,0
DA:41,0
DA:42,0
DA:43,0
DA:44,0
DA:45,0
DA:47,0
DA:54,0
DA:55,0
DA:57,0
DA:60,0
DA:61,0
DA:62,0
DA:65,0
DA:72,0
DA:75,0
DA:76,0
DA:77,0
DA:78,0
DA:82,0
DA:92,0
DA:99,0
DA:104,0
LF:29
LH:0
BRDA:22,0,0,0
BRDA:22,1,0,0
BRDA:57,2,0,0
BRDA:57,2,1,0
BRDA:60,3,0,0
BRDA:60,3,1,0
BRDA:75,4,0,0
BRDA:75,4,1,0
BRDA:75,5,0,0
BRDA:75,5,1,0
BRDA:77,6,0,0
BRDA:77,6,1,0
BRF:12
BRH:0
end_of_record
TN:
SF:src/utils/fullPageTranslator.ts
FN:49,injectBilingualStyles
FN:98,removeBilingualStyles
FN:112,createTranslationBlock
FN:149,insertTranslationAfter
FN:187,translateFullPage
FN:241,(anonymous_5)
FN:248,(anonymous_6)
FN:257,clearPageTranslations
FN:260,(anonymous_8)
FN:269,getPageTranslationStatus
FN:289,translateNodeBatch
FN:304,(anonymous_11)
FN:319,(anonymous_12)
FNF:13
FNH:0
FNDA:0,injectBilingualStyles
FNDA:0,removeBilingualStyles
FNDA:0,createTranslationBlock
FNDA:0,insertTranslationAfter
FNDA:0,translateFullPage
FNDA:0,(anonymous_5)
FNDA:0,(anonymous_6)
FNDA:0,clearPageTranslations
FNDA:0,(anonymous_8)
FNDA:0,getPageTranslationStatus
FNDA:0,translateNodeBatch
FNDA:0,(anonymous_11)
FNDA:0,(anonymous_12)
DA:44,0
DA:50,0
DA:51,0
DA:54,0
DA:55,0
DA:56,0
DA:92,0
DA:99,0
DA:100,0
DA:101,0
DA:117,0
DA:118,0
DA:120,0
DA:122,0
DA:123,0
DA:124,0
DA:125,0
DA:128,0
DA:129,0
DA:130,0
DA:131,0
DA:134,0
DA:135,0
DA:136,0
DA:137,0
DA:140,0
DA:154,0
DA:155,0
DA:156,0
DA:159,0
DA:162,0
DA:165,0
DA:166,0
DA:167,0
DA:168,0
DA:170,0
DA:171,0
DA:172,0
DA:175,0
DA:179,0
DA:195,0
DA:198,0
DA:201,0
DA:202,0
DA:204,0
DA:205,0
DA:206,0
DA:209,0
DA:210,0
DA:211,0
DA:212,0
DA:214,0
DA:215,0
DA:216,0
DA:219,0
DA:220,0
DA:223,0
DA:225,0
DA:232,0
DA:233,0
DA:237,0
DA:240,0
DA:241,0
DA:245,0
DA:248,0
DA:249,0
DA:259,0
DA:260,0
DA:263,0
DA:273,0
DA:274,0
DA:297,0
DA:299,0
DA:300,0
DA:303,0
DA:305,0
DA:306,0
DA:310,0
DA:313,0
DA:314,0
DA:318,0
DA:319,0
DA:323,0
LF:83
LH:0
BRDA:50,0,0,0
BRDA:50,0,1,0
BRDA:100,1,0,0
BRDA:100,1,1,0
BRDA:120,2,0,0
BRDA:120,2,1,0
BRDA:156,3,0,0
BRDA:156,3,1,0
BRDA:167,4,0,0
BRDA:167,4,1,0
BRDA:170,5,0,0
BRDA:170,5,1,0
BRDA:189,6,0,0
BRDA:191,7,0,0
BRDA:192,8,0,0
BRDA:219,9,0,0
BRDA:219,9,1,0
BRDA:223,10,0,0
BRDA:223,10,1,0
BRDA:232,11,0,0
BRDA:232,11,1,0
BRDA:240,12,0,0
BRDA:240,12,1,0
BRDA:294,13,0,0
BRDA:313,14,0,0
BRDA:313,14,1,0
BRDA:314,15,0,0
BRDA:314,15,1,0
BRDA:318,16,0,0
BRDA:318,16,1,0
BRF:30
BRH:0
end_of_record
TN:
SF:src/utils/index.ts
FNF:0
FNH:0
LF:0
LH:0
BRF:0
BRH:0
end_of_record
TN:
SF:src/utils/messageHandler.ts
FN:14,sendToBackground
FN:17,(anonymous_1)
FN:18,(anonymous_2)
FN:35,requestTranslation
FN:59,requestProofread
FN:80,requestPolish
FN:100,requestExpand
FNF:7
FNH:0
FNDA:0,sendToBackground
FNDA:0,(anonymous_1)
FNDA:0,(anonymous_2)
FNDA:0,requestTranslation
FNDA:0,requestProofread
FNDA:0,requestPolish
FNDA:0,requestExpand
DA:17,0
DA:18,0
DA:19,0
DA:20,0
DA:21,0
DA:23,0
DA:40,0
DA:46,0
DA:47,0
DA:50,0
DA:51,0
DA:60,0
DA:66,0
DA:67,0
DA:71,0
DA:72,0
DA:81,0
DA:87,0
DA:88,0
DA:91,0
DA:92,0
DA:101,0
DA:107,0
DA:108,0
DA:111,0
DA:112,0
LF:26
LH:0
BRDA:19,0,0,0
BRDA:19,0,1,0
BRDA:37,1,0,0
BRDA:38,2,0,0
BRDA:46,3,0,0
BRDA:46,3,1,0
BRDA:47,4,0,0
BRDA:47,4,1,0
BRDA:66,5,0,0
BRDA:66,5,1,0
BRDA:67,6,0,0
BRDA:67,6,1,0
BRDA:87,7,0,0
BRDA:87,7,1,0
BRDA:88,8,0,0
BRDA:88,8,1,0
BRDA:107,9,0,0
BRDA:107,9,1,0
BRDA:108,10,0,0
BRDA:108,10,1,0
BRF:20
BRH:0
end_of_record
TN:
SF:src/utils/pageContentExtractor.ts
FN:48,extractTextNodes
FN:55,(anonymous_1)
FN:125,detectPageLanguage
FN:170,extractMainContent
FN:204,filterShortNodes
FN:205,(anonymous_5)
FN:213,getTextPosition
FNF:7
FNH:0
FNDA:0,extractTextNodes
FNDA:0,(anonymous_1)
FNDA:0,detectPageLanguage
FNDA:0,extractMainContent
FNDA:0,filterShortNodes
FNDA:0,(anonymous_5)
FNDA:0,getTextPosition
DA:9,0
DA:49,0
DA:51,0
DA:57,0
DA:58,0
DA:62,0
DA:63,0
DA:64,0
DA:67,0
DA:70,0
DA:71,0
DA:75,0
DA:76,0
DA:80,0
DA:81,0
DA:82,0
DA:85,0
DA:90,0
DA:91,0
DA:92,0
DA:93,0
DA:96,0
DA:97,0
DA:100,0
DA:108,0
DA:127,0
DA:128,0
DA:129,0
DA:130,0
DA:134,0
DA:135,0
DA:136,0
DA:137,0
DA:138,0
DA:139,0
DA:144,0
DA:145,0
DA:146,0
DA:148,0
DA:149,0
DA:150,0
DA:155,0
DA:156,0
DA:157,0
DA:158,0
DA:162,0
DA:172,0
DA:184,0
DA:185,0
DA:186,0
DA:187,0
DA:188,0
DA:189,0
DA:195,0
DA:205,0
DA:214,0
DA:215,0
DA:217,0
DA:218,0
DA:219,0
DA:221,0
DA:222,0
DA:223,0
DA:231,0
DA:232,0
DA:233,0
DA:240,0
LF:67
LH:0
BRDA:48,0,0,0
BRDA:57,1,0,0
BRDA:57,1,1,0
BRDA:63,2,0,0
BRDA:63,2,1,0
BRDA:70,3,0,0
BRDA:70,3,1,0
BRDA:75,4,0,0
BRDA:75,4,1,0
BRDA:81,5,0,0
BRDA:81,5,1,0
BRDA:81,6,0,0
BRDA:81,6,1,0
BRDA:96,7,0,0
BRDA:96,7,1,0
BRDA:96,8,0,0
BRDA:96,8,1,0
BRDA:102,9,0,0
BRDA:102,9,1,0
BRDA:128,10,0,0
BRDA:128,10,1,0
BRDA:128,11,0,0
BRDA:128,11,1,0
BRDA:130,12,0,0
BRDA:130,12,1,0
BRDA:135,13,0,0
BRDA:135,13,1,0
BRDA:137,14,0,0
BRDA:137,14,1,0
BRDA:139,15,0,0
BRDA:139,15,1,0
BRDA:146,16,0,0
BRDA:146,16,1,0
BRDA:148,17,0,0
BRDA:148,17,1,0
BRDA:148,18,0,0
BRDA:148,18,1,0
BRDA:148,18,2,0
BRDA:149,19,0,0
BRDA:149,19,1,0
BRDA:150,20,0,0
BRDA:150,20,1,0
BRDA:150,21,0,0
BRDA:150,21,1,0
BRDA:150,21,2,0
BRDA:155,22,0,0
BRDA:155,22,1,0
BRDA:156,23,0,0
BRDA:156,23,1,0
BRDA:158,24,0,0
BRDA:158,24,1,0
BRDA:186,25,0,0
BRDA:186,25,1,0
BRDA:188,26,0,0
BRDA:188,26,1,0
BRDA:188,27,0,0
BRDA:188,27,1,0
BRDA:195,28,0,0
BRDA:195,28,1,0
BRDA:204,29,0,0
BRDA:219,30,0,0
BRDA:219,30,1,0
BRDA:222,31,0,0
BRDA:222,31,1,0
BRDA:232,32,0,0
BRDA:232,32,1,0
BRF:66
BRH:0
end_of_record
TN:
SF:src/utils/textExtractor.ts
FN:12,getSelectionInfo
FN:37,getSelectionContext
FN:71,findTextPosition
FN:93,extractPageContent
FN:103,(anonymous_4)
FNF:5
FNH:0
FNDA:0,getSelectionInfo
FNDA:0,getSelectionContext
FNDA:0,findTextPosition
FNDA:0,extractPageContent
FNDA:0,(anonymous_4)
DA:13,0
DA:15,0
DA:16,0
DA:19,0
DA:20,0
DA:22,0
DA:23,0
DA:26,0
DA:38,0
DA:39,0
DA:43,0
DA:44,0
DA:48,0
DA:49,0
DA:51,0
DA:52,0
DA:53,0
DA:57,0
DA:58,0
DA:63,0
DA:72,0
DA:74,0
DA:75,0
DA:78,0
DA:79,0
DA:81,0
DA:94,0
DA:95,0
DA:96,0
DA:100,0
DA:102,0
DA:103,0
DA:106,0
LF:33
LH:0
BRDA:15,0,0,0
BRDA:15,0,1,0
BRDA:15,1,0,0
BRDA:15,1,1,0
BRDA:15,1,2,0
BRDA:22,2,0,0
BRDA:22,2,1,0
BRDA:39,3,0,0
BRDA:39,3,1,0
BRDA:43,4,0,0
BRDA:43,4,1,0
BRDA:48,5,0,0
BRDA:48,5,1,0
BRDA:52,6,0,0
BRDA:52,6,1,0
BRDA:74,7,0,0
BRDA:74,7,1,0
BRDA:74,8,0,0
BRDA:74,8,1,0
BRDA:95,9,0,0
BRDA:95,9,1,0
BRDA:106,10,0,0
BRDA:106,10,1,0
BRF:23
BRH:0
end_of_record
